#
# There is insufficient memory for the Java Runtime Environment to continue.
# Native memory allocation (mmap) failed to map 134217728 bytes for G1 virtual space
# Possible reasons:
#   The system is out of physical RAM or swap space
#   The process is running with CompressedOops enabled, and the Java Heap may be blocking the growth of the native heap
# Possible solutions:
#   Reduce memory load on the system
#   Increase physical memory or swap space
#   Check if swap backing store is full
#   Decrease Java heap size (-Xmx/-Xms)
#   Decrease number of Java threads
#   Decrease Java thread stack sizes (-Xss)
#   Set larger code cache with -XX:ReservedCodeCacheSize=
#   JVM is running with Unscaled Compressed Oops mode in which the Java heap is
#     placed in the first 4GB address space. The Java Heap base address is the
#     maximum limit for the native heap growth. Please use -XX:HeapBaseMinAddress
#     to set the Java Heap base and to place the Java Heap above 4GB virtual address.
# This output file may be truncated or incomplete.
#
#  Out of Memory Error (os_windows.cpp:3535), pid=11880, tid=6488
#
# JRE version:  (17.0.4+11) (build )
# Java VM: Java HotSpot(TM) 64-Bit Server VM (17.0.4+11-LTS-179, mixed mode, sharing, tiered, compressed oops, compressed class ptrs, g1 gc, windows-amd64)
# No core dump will be written. Minidumps are not enabled by default on client versions of Windows
#

---------------  S U M M A R Y ------------

Command Line: 

Host: Intel(R) Core(TM) i5-4200U CPU @ 1.60GHz, 4 cores, 7G,  Windows 10 , 64 bit Build 19041 (10.0.19041.1889)
Time: Wed Sep 28 11:44:42 2022 W. Australia Standard Time elapsed time: 0.031961 seconds (0d 0h 0m 0s)

---------------  T H R E A D  ---------------

Current thread (0x0000021d70069a70):  JavaThread "Unknown thread" [_thread_in_vm, id=6488, stack(0x0000002f2e300000,0x0000002f2e400000)]

Stack: [0x0000002f2e300000,0x0000002f2e400000]
Native frames: (J=compiled Java code, j=interpreted, Vv=VM code, C=native code)
V  [jvm.dll+0x6723da]
V  [jvm.dll+0x7d1f74]
V  [jvm.dll+0x7d371e]
V  [jvm.dll+0x7d3d83]
V  [jvm.dll+0x242ed5]
V  [jvm.dll+0x66f2f9]
V  [jvm.dll+0x663c42]
V  [jvm.dll+0x30103b]
V  [jvm.dll+0x3085d6]
V  [jvm.dll+0x35844e]
V  [jvm.dll+0x35867f]
V  [jvm.dll+0x2d8258]
V  [jvm.dll+0x2d91c4]
V  [jvm.dll+0x7a3a51]
V  [jvm.dll+0x3662a1]
V  [jvm.dll+0x782dcc]
V  [jvm.dll+0x3e8bff]
V  [jvm.dll+0x3ea6a1]
C  [jli.dll+0x527b]
C  [ucrtbase.dll+0x21bb2]
C  [KERNEL32.DLL+0x17034]
C  [ntdll.dll+0x526a1]


---------------  P R O C E S S  ---------------

Threads class SMR info:
_java_thread_list=0x00007ff86f1ea858, length=0, elements={
}

Java Threads: ( => current thread )

Other Threads:
  0x0000021d700c0d10 GCTaskThread "GC Thread#0" [stack: 0x0000002f2e400000,0x0000002f2e500000] [id=16544]
  0x0000021d700d1950 ConcurrentGCThread "G1 Main Marker" [stack: 0x0000002f2e500000,0x0000002f2e600000] [id=6284]
  0x0000021d700d3370 ConcurrentGCThread "G1 Conc#0" [stack: 0x0000002f2e600000,0x0000002f2e700000] [id=348]

[error occurred during error reporting (printing all threads), id 0xc0000005, EXCEPTION_ACCESS_VIOLATION (0xc0000005) at pc=0x00007ff86ea38c47]

VM state: not at safepoint (not fully initialized)

VM Mutex/Monitor currently owned by a thread:  ([mutex/lock_event])
[0x0000021d700673c0] Heap_lock - owner thread: 0x0000021d70069a70

Heap address: 0x0000000081800000, size: 2024 MB, Compressed Oops mode: 32-bit

CDS archive(s) mapped at: [0x0000000000000000-0x0000000000000000-0x0000000000000000), size 0, SharedBaseAddress: 0x0000000800000000, ArchiveRelocationMode: 0.
Narrow klass base: 0x0000000000000000, Narrow klass shift: 0, Narrow klass range: 0x0

GC Precious Log:
<Empty>

Heap:
 garbage-first heap   total 0K, used 0K [0x0000000081800000, 0x0000000100000000)
  region size 1024K, 0 young (0K), 0 survivors (0K)

[error occurred during error reporting (printing heap information), id 0xc0000005, EXCEPTION_ACCESS_VIOLATION (0xc0000005) at pc=0x00007ff86ee1b889]

GC Heap History (0 events):
No events

Deoptimization events (0 events):
No events

Classes unloaded (0 events):
No events

Classes redefined (0 events):
No events

Internal exceptions (0 events):
No events

VM Operations (0 events):
No events

Events (1 events):
Event: 0.020 Loaded shared library C:\Program Files\Java\jdk-17.0.4\bin\java.dll


Dynamic libraries:
0x00007ff7840c0000 - 0x00007ff7840d0000 	C:\Program Files\Java\jdk-17.0.4\bin\java.exe
0x00007ff8c1db0000 - 0x00007ff8c1fa8000 	C:\WINDOWS\SYSTEM32\ntdll.dll
0x00007ff8aff80000 - 0x00007ff8aff97000 	C:\Program Files\Avast Software\Avast\aswhook.dll
0x00007ff8bfe40000 - 0x00007ff8bfefd000 	C:\WINDOWS\System32\KERNEL32.DLL
0x00007ff8bf8d0000 - 0x00007ff8bfb9e000 	C:\WINDOWS\System32\KERNELBASE.dll
0x00007ff8bf570000 - 0x00007ff8bf670000 	C:\WINDOWS\System32\ucrtbase.dll
0x00007ff8a33d0000 - 0x00007ff8a33ea000 	C:\Program Files\Java\jdk-17.0.4\bin\VCRUNTIME140.dll
0x00007ff89bcb0000 - 0x00007ff89bcc8000 	C:\Program Files\Java\jdk-17.0.4\bin\jli.dll
0x00007ff8c14e0000 - 0x00007ff8c158e000 	C:\WINDOWS\System32\ADVAPI32.dll
0x00007ff8c1800000 - 0x00007ff8c189e000 	C:\WINDOWS\System32\msvcrt.dll
0x00007ff8c1cb0000 - 0x00007ff8c1d4c000 	C:\WINDOWS\System32\sechost.dll
0x00007ff8c18b0000 - 0x00007ff8c19d5000 	C:\WINDOWS\System32\RPCRT4.dll
0x00007ff8c0d40000 - 0x00007ff8c0ee0000 	C:\WINDOWS\System32\USER32.dll
0x00007ff8be820000 - 0x00007ff8beaba000 	C:\WINDOWS\WinSxS\amd64_microsoft.windows.common-controls_6595b64144ccf1df_6.0.19041.1110_none_60b5254171f9507e\COMCTL32.dll
0x00007ff8bf8a0000 - 0x00007ff8bf8c2000 	C:\WINDOWS\System32\win32u.dll
0x00007ff8c1350000 - 0x00007ff8c137a000 	C:\WINDOWS\System32\GDI32.dll
0x00007ff8bf670000 - 0x00007ff8bf77b000 	C:\WINDOWS\System32\gdi32full.dll
0x00007ff8bf4d0000 - 0x00007ff8bf56d000 	C:\WINDOWS\System32\msvcp_win.dll
0x00007ff8bc210000 - 0x00007ff8bc21a000 	C:\WINDOWS\SYSTEM32\VERSION.dll
0x00007ff8bfe10000 - 0x00007ff8bfe40000 	C:\WINDOWS\System32\IMM32.DLL
0x00007ff8aebb0000 - 0x00007ff8aebbc000 	C:\Program Files\Java\jdk-17.0.4\bin\vcruntime140_1.dll
0x00007ff86f710000 - 0x00007ff86f79d000 	C:\Program Files\Java\jdk-17.0.4\bin\msvcp140.dll
0x00007ff86e750000 - 0x00007ff86f312000 	C:\Program Files\Java\jdk-17.0.4\bin\server\jvm.dll
0x00007ff8bff00000 - 0x00007ff8bff08000 	C:\WINDOWS\System32\PSAPI.DLL
0x00007ff899550000 - 0x00007ff899577000 	C:\WINDOWS\SYSTEM32\WINMM.dll
0x00007ff8ab690000 - 0x00007ff8ab699000 	C:\WINDOWS\SYSTEM32\WSOCK32.dll
0x00007ff8c1400000 - 0x00007ff8c146b000 	C:\WINDOWS\System32\WS2_32.dll
0x00007ff8bc5a0000 - 0x00007ff8bc5b2000 	C:\WINDOWS\SYSTEM32\kernel.appcore.dll
0x00007ff8adbc0000 - 0x00007ff8adbca000 	C:\Program Files\Java\jdk-17.0.4\bin\jimage.dll
0x00007ff8bef50000 - 0x00007ff8bf134000 	C:\WINDOWS\SYSTEM32\DBGHELP.DLL
0x00007ff8bedc0000 - 0x00007ff8bedec000 	C:\WINDOWS\SYSTEM32\dbgcore.DLL
0x00007ff8bfba0000 - 0x00007ff8bfc22000 	C:\WINDOWS\System32\bcryptPrimitives.dll
0x00007ff898c20000 - 0x00007ff898c45000 	C:\Program Files\Java\jdk-17.0.4\bin\java.dll

dbghelp: loaded successfully - version: 4.0.5 - missing functions: none
symbol engine: initialized successfully - sym options: 0x614 - pdb path: .;C:\Program Files\Java\jdk-17.0.4\bin;C:\WINDOWS\SYSTEM32;C:\Program Files\Avast Software\Avast;C:\WINDOWS\WinSxS\amd64_microsoft.windows.common-controls_6595b64144ccf1df_6.0.19041.1110_none_60b5254171f9507e;C:\Program Files\Java\jdk-17.0.4\bin\server

VM Arguments:
java_command: <unknown>
java_class_path (initial): <not set>
Launcher Type: SUN_STANDARD

[Global flags]
     intx CICompilerCount                          = 3                                         {product} {ergonomic}
     uint ConcGCThreads                            = 1                                         {product} {ergonomic}
     uint G1ConcRefinementThreads                  = 4                                         {product} {ergonomic}
   size_t G1HeapRegionSize                         = 1048576                                   {product} {ergonomic}
    uintx GCDrainStackTargetSize                   = 64                                        {product} {ergonomic}
   size_t InitialHeapSize                          = 134217728                                 {product} {ergonomic}
   size_t MarkStackSize                            = 4194304                                   {product} {ergonomic}
   size_t MaxHeapSize                              = 2122317824                                {product} {ergonomic}
   size_t MinHeapDeltaBytes                        = 1048576                                   {product} {ergonomic}
   size_t MinHeapSize                              = 8388608                                   {product} {ergonomic}
    uintx NonNMethodCodeHeapSize                   = 5832780                                {pd product} {ergonomic}
    uintx NonProfiledCodeHeapSize                  = 122912730                              {pd product} {ergonomic}
    uintx ProfiledCodeHeapSize                     = 122912730                              {pd product} {ergonomic}
    uintx ReservedCodeCacheSize                    = 251658240                              {pd product} {ergonomic}
     bool SegmentedCodeCache                       = true                                      {product} {ergonomic}
   size_t SoftMaxHeapSize                          = 2122317824                             {manageable} {ergonomic}
     bool UseCompressedClassPointers               = true                           {product lp64_product} {ergonomic}
     bool UseCompressedOops                        = true                           {product lp64_product} {ergonomic}
     bool UseG1GC                                  = true                                      {product} {ergonomic}
     bool UseLargePagesIndividualAllocation        = false                                  {pd product} {ergonomic}

Logging:
Log output configuration:
 #0: stdout all=warning uptime,level,tags
 #1: stderr all=off uptime,level,tags

Environment Variables:
PATH=C:\Program Files\Common Files\Oracle\Java\javapath;C:\Program Files (x86)\VMware\VMware Player\bin\;C:\WINDOWS\system32;C:\WINDOWS;C:\WINDOWS\System32\Wbem;C:\WINDOWS\System32\WindowsPowerShell\v1.0\;C:\WINDOWS\System32\OpenSSH\;C:\MinGW\bin;C:\Program Files\Git\cmd;C:\Program Files\Microsoft SQL Server\Client SDK\ODBC\170\Tools\Binn\;C:\Program Files\Microsoft SQL Server\150\Tools\Binn\;C:\Program Files\LLVM\bin;C:\Program Files\TortoiseSVN\bin;C:\Program Files\CMake\bin;C:\HashiCorp\Vagrant\bin;C:\Program Files\dotnet\;C:\Program Files\Docker\Docker\resources\bin;C:\ProgramData\DockerDesktop\version-bin;C:\Program Files\Microsoft\Web Platform Installer\;C:\Program Files (x86)\VMware\VMware Player\bin\;C:\Program Files\Common Files\Oracle\Java\javapath;C:\Program Files (x86)\Common Files\Oracle\Java\javapath;C:\WINDOWS\system32;C:\WINDOWS;C:\WINDOWS\System32\Wbem;C:\WINDOWS\System32\WindowsPowerShell\v1.0\;C:\WINDOWS\System32\OpenSSH\;C:\Program Files\CodeBlocks\MinGW\bin;C:\Program Files\CMake\bin;C:\Program Files\dotnet\;C:\Program Files\Git\cmd;C:\Program Files (x86)\GNU Arm Embedded Toolchain\10 2021.10\bin;C:\Program Files\Conan\conan;C:\Users\Admin\AppData\Local\Microsoft\WindowsApps;C:\Program Files\JetBrains\CLion 2021.2.3\bin;C:\Users\Admin\.dotnet\tools;C:\Users\Admin\AppData\Local\Programs\Python\Python39\;C:\Users\Admin\AppData\Local\Programs\radare2\bin;C:\Users\Admin\AppData\Local\Programs\Python\Python39\Scripts\;c:\Program Files\qemu;C:\Users\Admin\Documents\e\asm\i686\bin\;C:\Users\Admin\AppData\Local\bin\NASM\;C:\Program Files\Azure Data Studio\bin;C:\Program Files\JetBrains\IntelliJ IDEA Community Edition 2021.3.3\bin;;C:\Users\Admin\vcpkg;C:\Users\Admin\.dotnet\tools;C:\Users\Admin\AppData\Local\Programs\Microsoft VS Code\bin
USERNAME=Admin
LANG=en_US.UTF-8
OS=Windows_NT
PROCESSOR_IDENTIFIER=Intel64 Family 6 Model 69 Stepping 1, GenuineIntel



---------------  S Y S T E M  ---------------

OS:
 Windows 10 , 64 bit Build 19041 (10.0.19041.1889)
OS uptime: 1 days 2:35 hours
Hyper-V role detected

CPU: total 4 (initial active 4) (2 cores per cpu, 2 threads per core) family 6 model 69 stepping 1 microcode 0x25, cx8, cmov, fxsr, ht, mmx, sse, sse2, sse3, ssse3, sse4.1, sse4.2, popcnt, lzcnt, tsc, tscinvbit, avx, avx2, aes, erms, clmul, bmi1, bmi2, fma, vzeroupper, clflush, hv

Memory: 4k page, system-wide physical 8089M (2040M free)
TotalPageFile size 22148M (AvailPageFile size 6M)
current process WorkingSet (physical memory assigned to process): 10M, peak: 10M
current process commit charge ("private bytes"): 52M, peak: 179M

vm_info: Java HotSpot(TM) 64-Bit Server VM (17.0.4+11-LTS-179) for windows-amd64 JRE (17.0.4+11-LTS-179), built on Jun 28 2022 08:23:05 by "mach5one" with MS VC++ 16.8 / 16.9 (VS2019)

END.
