#
# There is insufficient memory for the Java Runtime Environment to continue.
# Native memory allocation (malloc) failed to allocate 1087536 bytes for Chunk::new
# Possible reasons:
#   The system is out of physical RAM or swap space
#   The process is running with CompressedOops enabled, and the Java Heap may be blocking the growth of the native heap
# Possible solutions:
#   Reduce memory load on the system
#   Increase physical memory or swap space
#   Check if swap backing store is full
#   Decrease Java heap size (-Xmx/-Xms)
#   Decrease number of Java threads
#   Decrease Java thread stack sizes (-Xss)
#   Set larger code cache with -XX:ReservedCodeCacheSize=
#   JVM is running with Zero Based Compressed Oops mode in which the Java heap is
#     placed in the first 32GB address space. The Java Heap base address is the
#     maximum limit for the native heap growth. Please use -XX:HeapBaseMinAddress
#     to set the Java Heap base and to place the Java Heap above 32GB virtual address.
# This output file may be truncated or incomplete.
#
#  Out of Memory Error (arena.cpp:189), pid=3124, tid=12316
#
# JRE version: Java(TM) SE Runtime Environment (17.0.4+11) (build 17.0.4+11-LTS-179)
# Java VM: Java HotSpot(TM) 64-Bit Server VM (17.0.4+11-LTS-179, mixed mode, sharing, tiered, compressed oops, compressed class ptrs, g1 gc, windows-amd64)
# No core dump will be written. Minidumps are not enabled by default on client versions of Windows
#

---------------  S U M M A R Y ------------

Command Line: --add-opens=java.base/java.util=ALL-UNNAMED --add-opens=java.base/java.lang=ALL-UNNAMED --add-opens=java.base/java.lang.invoke=ALL-UNNAMED --add-opens=java.base/java.util=ALL-UNNAMED --add-opens=java.prefs/java.util.prefs=ALL-UNNAMED --add-opens=java.prefs/java.util.prefs=ALL-UNNAMED --add-opens=java.base/java.nio.charset=ALL-UNNAMED --add-opens=java.base/java.net=ALL-UNNAMED --add-opens=java.base/java.util.concurrent.atomic=ALL-UNNAMED -Xmx4G -Dfile.encoding=windows-1252 -Duser.country=AU -Duser.language=en -Duser.variant org.gradle.launcher.daemon.bootstrap.GradleDaemon 7.4

Host: Intel(R) Core(TM) i5-4200U CPU @ 1.60GHz, 4 cores, 7G,  Windows 10 , 64 bit Build 19041 (10.0.19041.1889)
Time: Wed Sep 28 11:38:52 2022 W. Australia Standard Time elapsed time: 25.244132 seconds (0d 0h 0m 25s)

---------------  T H R E A D  ---------------

Current thread (0x000002707faef330):  JavaThread "C2 CompilerThread0" daemon [_thread_in_native, id=12316, stack(0x000000aa13800000,0x000000aa13900000)]


Current CompileTask:
C2:  25244 6984 %     4       org.gradle.internal.instantiation.generator.AbstractClassGenerator::inspectType @ 431 (560 bytes)

Stack: [0x000000aa13800000,0x000000aa13900000]
Native frames: (J=compiled Java code, j=interpreted, Vv=VM code, C=native code)
V  [jvm.dll+0x6723da]
V  [jvm.dll+0x7d1f74]
V  [jvm.dll+0x7d371e]
V  [jvm.dll+0x7d3d83]
V  [jvm.dll+0x242ed5]
V  [jvm.dll+0xaa57b]
V  [jvm.dll+0xaab0c]
V  [jvm.dll+0x3603f2]
V  [jvm.dll+0x32a7e1]
V  [jvm.dll+0x329c8a]
V  [jvm.dll+0x215ff1]
V  [jvm.dll+0x215411]
V  [jvm.dll+0x1a1fcd]
V  [jvm.dll+0x224c78]
V  [jvm.dll+0x222de5]
V  [jvm.dll+0x787a5b]
V  [jvm.dll+0x78201a]
V  [jvm.dll+0x671265]
C  [ucrtbase.dll+0x21bb2]
C  [KERNEL32.DLL+0x17034]
C  [ntdll.dll+0x526a1]


---------------  P R O C E S S  ---------------

Threads class SMR info:
_java_thread_list=0x000002700ca052b0, length=88, elements={
0x0000027065599550, 0x000002707fad03f0, 0x000002707fad1070, 0x000002707fae28e0,
0x000002707fae5570, 0x000002707fae86d0, 0x000002707faea900, 0x000002707faef330,
0x000002707faf1490, 0x000002707fb054b0, 0x00000270088ede30, 0x00000270088f2310,
0x000002700987f930, 0x000002700a042060, 0x000002700a620020, 0x000002700aa3ce40,
0x00000270099c4a40, 0x0000027009727870, 0x00000270097286e0, 0x0000027009728bb0,
0x0000027009729a20, 0x0000027009727d40, 0x0000027009729080, 0x0000027009728210,
0x0000027009729550, 0x0000027009726ed0, 0x0000027009729ef0, 0x00000270097273a0,
0x0000027009726530, 0x000002700cb6a720, 0x000002700cb693e0, 0x000002700cb698b0,
0x000002700cb67bd0, 0x000002700cb6b590, 0x000002700cb680a0, 0x000002700cb6ba60,
0x000002700cb64bb0, 0x000002700cb6a250, 0x000002700cb67230, 0x000002700cb6abf0,
0x000002700cb65080, 0x000002700cb65550, 0x000002700cb65a20, 0x000002700cb67700,
0x000002700cb663c0, 0x000002700cb6b0c0, 0x000002700cb68570, 0x000002700cb68a40,
0x000002700cb68f10, 0x000002700c81a770, 0x000002700c81ac40, 0x000002700c818f60,
0x000002700c8168e0, 0x000002700c816410, 0x000002700c819430, 0x000002700c817280,
0x000002700c81b110, 0x000002700c81a2a0, 0x000002700c815f40, 0x000002700c81c450,
0x000002700c8155a0, 0x000002700c816db0, 0x000002700c817750, 0x000002700c8150d0,
0x000002700c817c20, 0x000002700c8180f0, 0x000002700c819900, 0x000002700c8185c0,
0x000002700c81b5e0, 0x000002700c818a90, 0x000002700c81bab0, 0x000002700c81bf80,
0x000002700951ea50, 0x000002700951e580, 0x0000027009520730, 0x0000027009520260,
0x000002700951ef20, 0x000002700951cd70, 0x000002700951d710, 0x000002700951dbe0,
0x000002700951f3f0, 0x000002700951f8c0, 0x000002700951fd90, 0x000002700d18bfd0,
0x000002700d191670, 0x000002700d18f990, 0x000002700d18fe60, 0x000002700c609e30
}

Java Threads: ( => current thread )
  0x0000027065599550 JavaThread "main" [_thread_blocked, id=8908, stack(0x000000aa12b00000,0x000000aa12c00000)]
  0x000002707fad03f0 JavaThread "Reference Handler" daemon [_thread_blocked, id=8332, stack(0x000000aa13200000,0x000000aa13300000)]
  0x000002707fad1070 JavaThread "Finalizer" daemon [_thread_blocked, id=10384, stack(0x000000aa13300000,0x000000aa13400000)]
  0x000002707fae28e0 JavaThread "Signal Dispatcher" daemon [_thread_blocked, id=14440, stack(0x000000aa13400000,0x000000aa13500000)]
  0x000002707fae5570 JavaThread "Attach Listener" daemon [_thread_blocked, id=5748, stack(0x000000aa13500000,0x000000aa13600000)]
  0x000002707fae86d0 JavaThread "Service Thread" daemon [_thread_blocked, id=6272, stack(0x000000aa13600000,0x000000aa13700000)]
  0x000002707faea900 JavaThread "Monitor Deflation Thread" daemon [_thread_blocked, id=1984, stack(0x000000aa13700000,0x000000aa13800000)]
=>0x000002707faef330 JavaThread "C2 CompilerThread0" daemon [_thread_in_native, id=12316, stack(0x000000aa13800000,0x000000aa13900000)]
  0x000002707faf1490 JavaThread "C1 CompilerThread0" daemon [_thread_blocked, id=3036, stack(0x000000aa13900000,0x000000aa13a00000)]
  0x000002707fb054b0 JavaThread "Sweeper thread" daemon [_thread_blocked, id=4860, stack(0x000000aa13a00000,0x000000aa13b00000)]
  0x00000270088ede30 JavaThread "Common-Cleaner" daemon [_thread_blocked, id=12624, stack(0x000000aa13b00000,0x000000aa13c00000)]
  0x00000270088f2310 JavaThread "Notification Thread" daemon [_thread_blocked, id=1372, stack(0x000000aa13c00000,0x000000aa13d00000)]
  0x000002700987f930 JavaThread "Daemon health stats" [_thread_blocked, id=8872, stack(0x000000aa14200000,0x000000aa14300000)]
  0x000002700a042060 JavaThread "Incoming local TCP Connector on port 56153" [_thread_in_native, id=4156, stack(0x000000aa13e00000,0x000000aa13f00000)]
  0x000002700a620020 JavaThread "Daemon periodic checks" [_thread_blocked, id=11484, stack(0x000000aa14300000,0x000000aa14400000)]
  0x000002700aa3ce40 JavaThread "Daemon" [_thread_blocked, id=1776, stack(0x000000aa14500000,0x000000aa14600000)]
  0x00000270099c4a40 JavaThread "Handler for socket connection from /127.0.0.1:56153 to /127.0.0.1:56154" [_thread_in_native, id=7064, stack(0x000000aa14600000,0x000000aa14700000)]
  0x0000027009727870 JavaThread "Cancel handler" [_thread_blocked, id=2832, stack(0x000000aa14700000,0x000000aa14800000)]
  0x00000270097286e0 JavaThread "Daemon worker" [_thread_in_Java, id=14252, stack(0x000000aa14800000,0x000000aa14900000)]
  0x0000027009728bb0 JavaThread "Asynchronous log dispatcher for DefaultDaemonConnection: socket connection from /127.0.0.1:56153 to /127.0.0.1:56154" [_thread_blocked, id=10224, stack(0x000000aa14900000,0x000000aa14a00000)]
  0x0000027009729a20 JavaThread "Stdin handler" [_thread_blocked, id=3548, stack(0x000000aa14a00000,0x000000aa14b00000)]
  0x0000027009727d40 JavaThread "Daemon client event forwarder" [_thread_blocked, id=11672, stack(0x000000aa14b00000,0x000000aa14c00000)]
  0x0000027009729080 JavaThread "Cache worker for journal cache (C:\Users\Admin\.gradle\caches\journal-1)" [_thread_blocked, id=7652, stack(0x000000aa14400000,0x000000aa14500000)]
  0x0000027009728210 JavaThread "File lock request listener" [_thread_in_native, id=248, stack(0x000000aa14c00000,0x000000aa14d00000)]
  0x0000027009729550 JavaThread "Cache worker for file hash cache (C:\Users\Admin\.gradle\caches\7.4\fileHashes)" [_thread_blocked, id=11592, stack(0x000000aa14d00000,0x000000aa14e00000)]
  0x0000027009726ed0 JavaThread "File watcher server" daemon [_thread_in_native, id=10148, stack(0x000000aa14f00000,0x000000aa15000000)]
  0x0000027009729ef0 JavaThread "File watcher consumer" daemon [_thread_blocked, id=14080, stack(0x000000aa15000000,0x000000aa15100000)]
  0x00000270097273a0 JavaThread "Cache worker for checksums cache (C:\Users\Admin\Documents\e\forge-1.18.2-40.1.80-mdk\.gradle\7.4\checksums)" [_thread_blocked, id=15544, stack(0x000000aa15100000,0x000000aa15200000)]
  0x0000027009726530 JavaThread "Cache worker for cache directory md-rule (C:\Users\Admin\.gradle\caches\7.4\md-rule)" [_thread_blocked, id=7372, stack(0x000000aa15200000,0x000000aa15300000)]
  0x000002700cb6a720 JavaThread "Cache worker for file hash cache (C:\Users\Admin\Documents\e\forge-1.18.2-40.1.80-mdk\.gradle\7.4\fileHashes)" [_thread_blocked, id=13928, stack(0x000000aa14e00000,0x000000aa14f00000)]
  0x000002700cb693e0 JavaThread "Cache worker for cache directory md-supplier (C:\Users\Admin\.gradle\caches\7.4\md-supplier)" [_thread_blocked, id=11144, stack(0x000000aa15300000,0x000000aa15400000)]
  0x000002700cb698b0 JavaThread "Cache worker for execution history cache (C:\Users\Admin\.gradle\caches\7.4\executionHistory)" [_thread_blocked, id=8352, stack(0x000000aa15600000,0x000000aa15700000)]
  0x000002700cb67bd0 JavaThread "Cache worker for dependencies-accessors (C:\Users\Admin\Documents\e\forge-1.18.2-40.1.80-mdk\.gradle\7.4\dependencies-accessors)" [_thread_blocked, id=5244, stack(0x000000aa15700000,0x000000aa15800000)]
  0x000002700cb6b590 JavaThread "jar transforms" [_thread_blocked, id=1772, stack(0x000000aa15800000,0x000000aa15900000)]
  0x000002700cb680a0 JavaThread "Cache worker for file content cache (C:\Users\Admin\.gradle\caches\7.4\fileContent)" [_thread_blocked, id=14584, stack(0x000000aa15900000,0x000000aa15a00000)]
  0x000002700cb6ba60 JavaThread "Cache worker for Build Output Cleanup Cache (C:\Users\Admin\Documents\e\forge-1.18.2-40.1.80-mdk\.gradle\buildOutputCleanup)" [_thread_blocked, id=14960, stack(0x000000aa15a00000,0x000000aa15b00000)]
  0x000002700cb64bb0 JavaThread "Unconstrained build operations" [_thread_blocked, id=12768, stack(0x000000aa15b00000,0x000000aa15c00000)]
  0x000002700cb6a250 JavaThread "Unconstrained build operations Thread 2" [_thread_blocked, id=12252, stack(0x000000aa15c00000,0x000000aa15d00000)]
  0x000002700cb67230 JavaThread "Unconstrained build operations Thread 3" [_thread_blocked, id=6548, stack(0x000000aa15d00000,0x000000aa15e00000)]
  0x000002700cb6abf0 JavaThread "Unconstrained build operations Thread 4" [_thread_blocked, id=13548, stack(0x000000aa15e00000,0x000000aa15f00000)]
  0x000002700cb65080 JavaThread "Unconstrained build operations Thread 5" [_thread_blocked, id=2604, stack(0x000000aa15f00000,0x000000aa16000000)]
  0x000002700cb65550 JavaThread "Unconstrained build operations Thread 6" [_thread_blocked, id=5804, stack(0x000000aa16000000,0x000000aa16100000)]
  0x000002700cb65a20 JavaThread "Unconstrained build operations Thread 7" [_thread_blocked, id=14952, stack(0x000000aa16100000,0x000000aa16200000)]
  0x000002700cb67700 JavaThread "Unconstrained build operations Thread 8" [_thread_blocked, id=5572, stack(0x000000aa16200000,0x000000aa16300000)]
  0x000002700cb663c0 JavaThread "Unconstrained build operations Thread 9" [_thread_blocked, id=13908, stack(0x000000aa16300000,0x000000aa16400000)]
  0x000002700cb6b0c0 JavaThread "Unconstrained build operations Thread 10" [_thread_blocked, id=6956, stack(0x000000aa16400000,0x000000aa16500000)]
  0x000002700cb68570 JavaThread "Unconstrained build operations Thread 11" [_thread_blocked, id=15640, stack(0x000000aa16500000,0x000000aa16600000)]
  0x000002700cb68a40 JavaThread "Unconstrained build operations Thread 12" [_thread_blocked, id=9796, stack(0x000000aa16600000,0x000000aa16700000)]
  0x000002700cb68f10 JavaThread "Unconstrained build operations Thread 13" [_thread_blocked, id=13024, stack(0x000000aa16700000,0x000000aa16800000)]
  0x000002700c81a770 JavaThread "Unconstrained build operations Thread 14" [_thread_blocked, id=11136, stack(0x000000aa16800000,0x000000aa16900000)]
  0x000002700c81ac40 JavaThread "Unconstrained build operations Thread 15" [_thread_blocked, id=14268, stack(0x000000aa16900000,0x000000aa16a00000)]
  0x000002700c818f60 JavaThread "Unconstrained build operations Thread 16" [_thread_blocked, id=11092, stack(0x000000aa16a00000,0x000000aa16b00000)]
  0x000002700c8168e0 JavaThread "Unconstrained build operations Thread 17" [_thread_blocked, id=8472, stack(0x000000aa16b00000,0x000000aa16c00000)]
  0x000002700c816410 JavaThread "Unconstrained build operations Thread 18" [_thread_blocked, id=13116, stack(0x000000aa16c00000,0x000000aa16d00000)]
  0x000002700c819430 JavaThread "Unconstrained build operations Thread 19" [_thread_blocked, id=9008, stack(0x000000aa16d00000,0x000000aa16e00000)]
  0x000002700c817280 JavaThread "Unconstrained build operations Thread 20" [_thread_blocked, id=16192, stack(0x000000aa16e00000,0x000000aa16f00000)]
  0x000002700c81b110 JavaThread "Unconstrained build operations Thread 21" [_thread_blocked, id=8988, stack(0x000000aa16f00000,0x000000aa17000000)]
  0x000002700c81a2a0 JavaThread "Unconstrained build operations Thread 22" [_thread_blocked, id=10948, stack(0x000000aa17000000,0x000000aa17100000)]
  0x000002700c815f40 JavaThread "Unconstrained build operations Thread 23" [_thread_blocked, id=3672, stack(0x000000aa17100000,0x000000aa17200000)]
  0x000002700c81c450 JavaThread "Unconstrained build operations Thread 24" [_thread_blocked, id=9960, stack(0x000000aa17200000,0x000000aa17300000)]
  0x000002700c8155a0 JavaThread "Unconstrained build operations Thread 25" [_thread_blocked, id=4312, stack(0x000000aa17300000,0x000000aa17400000)]
  0x000002700c816db0 JavaThread "Unconstrained build operations Thread 26" [_thread_blocked, id=14316, stack(0x000000aa17400000,0x000000aa17500000)]
  0x000002700c817750 JavaThread "Unconstrained build operations Thread 27" [_thread_blocked, id=4544, stack(0x000000aa17500000,0x000000aa17600000)]
  0x000002700c8150d0 JavaThread "Unconstrained build operations Thread 28" [_thread_blocked, id=15568, stack(0x000000aa17600000,0x000000aa17700000)]
  0x000002700c817c20 JavaThread "Unconstrained build operations Thread 29" [_thread_blocked, id=15556, stack(0x000000aa17700000,0x000000aa17800000)]
  0x000002700c8180f0 JavaThread "Unconstrained build operations Thread 30" [_thread_blocked, id=13824, stack(0x000000aa17800000,0x000000aa17900000)]
  0x000002700c819900 JavaThread "Unconstrained build operations Thread 31" [_thread_blocked, id=17364, stack(0x000000aa17900000,0x000000aa17a00000)]
  0x000002700c8185c0 JavaThread "jar transforms Thread 2" [_thread_blocked, id=16560, stack(0x000000aa17a00000,0x000000aa17b00000)]
  0x000002700c81b5e0 JavaThread "jar transforms Thread 3" [_thread_blocked, id=16124, stack(0x000000aa17b00000,0x000000aa17c00000)]
  0x000002700c818a90 JavaThread "jar transforms Thread 4" [_thread_blocked, id=11120, stack(0x000000aa17c00000,0x000000aa17d00000)]
  0x000002700c81bab0 JavaThread "Keep-Alive-Timer" daemon [_thread_blocked, id=7112, stack(0x000000aa17d00000,0x000000aa17e00000)]
  0x000002700c81bf80 JavaThread "Memory manager" [_thread_blocked, id=10792, stack(0x000000aa17e00000,0x000000aa17f00000)]
  0x000002700951ea50 JavaThread "ForkJoinPool.commonPool-worker-1" daemon [_thread_blocked, id=13688, stack(0x000000aa17f00000,0x000000aa18000000)]
  0x000002700951e580 JavaThread "ForkJoinPool.commonPool-worker-3" daemon [_thread_blocked, id=15752, stack(0x000000aa18000000,0x000000aa18100000)]
  0x0000027009520730 JavaThread "ForkJoinPool.commonPool-worker-2" daemon [_thread_blocked, id=6124, stack(0x000000aa18100000,0x000000aa18200000)]
  0x0000027009520260 JavaThread "Exec process" [_thread_blocked, id=8400, stack(0x000000aa18200000,0x000000aa18300000)]
  0x000002700951ef20 JavaThread "Exec process Thread 2" [_thread_blocked, id=11584, stack(0x000000aa18300000,0x000000aa18400000)]
  0x000002700951cd70 JavaThread "Exec process Thread 3" [_thread_blocked, id=10728, stack(0x000000aa18400000,0x000000aa18500000)]
  0x000002700951d710 JavaThread "Unconstrained build operations Thread 32" [_thread_blocked, id=8488, stack(0x000000aa18500000,0x000000aa18600000)]
  0x000002700951dbe0 JavaThread "Unconstrained build operations Thread 33" [_thread_blocked, id=9920, stack(0x000000aa18600000,0x000000aa18700000)]
  0x000002700951f3f0 JavaThread "Unconstrained build operations Thread 34" [_thread_blocked, id=12124, stack(0x000000aa18700000,0x000000aa18800000)]
  0x000002700951f8c0 JavaThread "Unconstrained build operations Thread 35" [_thread_blocked, id=1592, stack(0x000000aa18800000,0x000000aa18900000)]
  0x000002700951fd90 JavaThread "Unconstrained build operations Thread 36" [_thread_blocked, id=824, stack(0x000000aa18900000,0x000000aa18a00000)]
  0x000002700d18bfd0 JavaThread "Unconstrained build operations Thread 37" [_thread_blocked, id=7340, stack(0x000000aa18a00000,0x000000aa18b00000)]
  0x000002700d191670 JavaThread "Unconstrained build operations Thread 38" [_thread_blocked, id=3680, stack(0x000000aa18b00000,0x000000aa18c00000)]
  0x000002700d18f990 JavaThread "Unconstrained build operations Thread 39" [_thread_blocked, id=13080, stack(0x000000aa18c00000,0x000000aa18d00000)]
  0x000002700d18fe60 JavaThread "Unconstrained build operations Thread 40" [_thread_blocked, id=10640, stack(0x000000aa18d00000,0x000000aa18e00000)]
  0x000002700c609e30 JavaThread "C2 CompilerThread1" daemon [_thread_in_native, id=16132, stack(0x000000aa15400000,0x000000aa15500000)]

Other Threads:
  0x000002707fac60c0 VMThread "VM Thread" [stack: 0x000000aa13100000,0x000000aa13200000] [id=236]
  0x00000270088f47f0 WatcherThread [stack: 0x000000aa13d00000,0x000000aa13e00000] [id=8900]
  0x0000027065602f90 GCTaskThread "GC Thread#0" [stack: 0x000000aa12c00000,0x000000aa12d00000] [id=15368]
  0x0000027009010850 GCTaskThread "GC Thread#1" [stack: 0x000000aa13f00000,0x000000aa14000000] [id=11624]
  0x0000027008ceba30 GCTaskThread "GC Thread#2" [stack: 0x000000aa14000000,0x000000aa14100000] [id=17216]
  0x0000027008e33260 GCTaskThread "GC Thread#3" [stack: 0x000000aa14100000,0x000000aa14200000] [id=15116]
  0x0000027065614e50 ConcurrentGCThread "G1 Main Marker" [stack: 0x000000aa12d00000,0x000000aa12e00000] [id=5084]
  0x0000027065615ea0 ConcurrentGCThread "G1 Conc#0" [stack: 0x000000aa12e00000,0x000000aa12f00000] [id=15364]
  0x000002706564f5d0 ConcurrentGCThread "G1 Refine#0" [stack: 0x000000aa12f00000,0x000000aa13000000] [id=15408]
  0x000002700a546030 ConcurrentGCThread "G1 Refine#1" [stack: 0x000000aa15500000,0x000000aa15600000] [id=1164]
  0x000002706564fe90 ConcurrentGCThread "G1 Service" [stack: 0x000000aa13000000,0x000000aa13100000] [id=7984]

Threads with active compile tasks:
C2 CompilerThread0    25375 6984 %     4       org.gradle.internal.instantiation.generator.AbstractClassGenerator::inspectType @ 431 (560 bytes)
C2 CompilerThread1    25375 7033       4       java.net.URLClassLoader$1::run (5 bytes)

VM state: not at safepoint (normal execution)

VM Mutex/Monitor currently owned by a thread: None

Heap address: 0x0000000700000000, size: 4096 MB, Compressed Oops mode: Zero based, Oop shift amount: 3

CDS archive(s) mapped at: [0x0000000800000000-0x0000000800bc0000-0x0000000800bc0000), size 12320768, SharedBaseAddress: 0x0000000800000000, ArchiveRelocationMode: 0.
Compressed class space mapped at: 0x0000000800c00000-0x0000000840c00000, reserved size: 1073741824
Narrow klass base: 0x0000000800000000, Narrow klass shift: 0, Narrow klass range: 0x100000000

GC Precious Log:
 CPUs: 4 total, 4 available
 Memory: 8089M
 Large Page Support: Disabled
 NUMA Support: Disabled
 Compressed Oops: Enabled (Zero based)
 Heap Region Size: 2M
 Heap Min Capacity: 8M
 Heap Initial Capacity: 128M
 Heap Max Capacity: 4G
 Pre-touch: Disabled
 Parallel Workers: 4
 Concurrent Workers: 1
 Concurrent Refinement Workers: 4
 Periodic GC: Disabled

Heap:
 garbage-first heap   total 233472K, used 105026K [0x0000000700000000, 0x0000000800000000)
  region size 2048K, 6 young (12288K), 2 survivors (4096K)
 Metaspace       used 56373K, committed 56896K, reserved 1105920K
  class space    used 7626K, committed 7872K, reserved 1048576K

Heap Regions: E=young(eden), S=young(survivor), O=old, HS=humongous(starts), HC=humongous(continues), CS=collection set, F=free, OA=open archive, CA=closed archive, TAMS=top-at-mark-start (previous, next)
|   0|0x0000000700000000, 0x0000000700200000, 0x0000000700200000|100%|HS|  |TAMS 0x0000000700200000, 0x0000000700200000| Complete 
|   1|0x0000000700200000, 0x0000000700400000, 0x0000000700400000|100%|HC|  |TAMS 0x0000000700400000, 0x0000000700400000| Complete 
|   2|0x0000000700400000, 0x0000000700600000, 0x0000000700600000|100%| O|  |TAMS 0x0000000700600000, 0x0000000700600000| Untracked 
|   3|0x0000000700600000, 0x0000000700800000, 0x0000000700800000|100%| O|  |TAMS 0x0000000700800000, 0x0000000700800000| Untracked 
|   4|0x0000000700800000, 0x0000000700a00000, 0x0000000700a00000|100%| O|  |TAMS 0x0000000700a00000, 0x0000000700a00000| Untracked 
|   5|0x0000000700a00000, 0x0000000700c00000, 0x0000000700c00000|100%| O|  |TAMS 0x0000000700c00000, 0x0000000700c00000| Untracked 
|   6|0x0000000700c00000, 0x0000000700e00000, 0x0000000700e00000|100%| O|  |TAMS 0x0000000700e00000, 0x0000000700e00000| Untracked 
|   7|0x0000000700e00000, 0x0000000701000000, 0x0000000701000000|100%| O|  |TAMS 0x0000000701000000, 0x0000000701000000| Untracked 
|   8|0x0000000701000000, 0x0000000701200000, 0x0000000701200000|100%| O|  |TAMS 0x0000000701200000, 0x0000000701200000| Untracked 
|   9|0x0000000701200000, 0x0000000701400000, 0x0000000701400000|100%|HS|  |TAMS 0x0000000701400000, 0x0000000701400000| Complete 
|  10|0x0000000701400000, 0x0000000701600000, 0x0000000701600000|100%| O|  |TAMS 0x0000000701600000, 0x0000000701600000| Untracked 
|  11|0x0000000701600000, 0x0000000701800000, 0x0000000701800000|100%| O|  |TAMS 0x0000000701800000, 0x0000000701800000| Untracked 
|  12|0x0000000701800000, 0x0000000701a00000, 0x0000000701a00000|100%| O|  |TAMS 0x0000000701a00000, 0x0000000701a00000| Untracked 
|  13|0x0000000701a00000, 0x0000000701c00000, 0x0000000701c00000|100%| O|  |TAMS 0x0000000701c00000, 0x0000000701c00000| Untracked 
|  14|0x0000000701c00000, 0x0000000701e00000, 0x0000000701e00000|100%| O|  |TAMS 0x0000000701e00000, 0x0000000701e00000| Untracked 
|  15|0x0000000701e00000, 0x0000000702000000, 0x0000000702000000|100%| O|  |TAMS 0x0000000702000000, 0x0000000702000000| Untracked 
|  16|0x0000000702000000, 0x0000000702200000, 0x0000000702200000|100%| O|  |TAMS 0x0000000702200000, 0x0000000702200000| Untracked 
|  17|0x0000000702200000, 0x0000000702400000, 0x0000000702400000|100%| O|  |TAMS 0x0000000702400000, 0x0000000702400000| Untracked 
|  18|0x0000000702400000, 0x0000000702600000, 0x0000000702600000|100%| O|  |TAMS 0x0000000702600000, 0x0000000702600000| Untracked 
|  19|0x0000000702600000, 0x0000000702800000, 0x0000000702800000|100%| O|  |TAMS 0x0000000702800000, 0x0000000702800000| Untracked 
|  20|0x0000000702800000, 0x0000000702a00000, 0x0000000702a00000|100%| O|  |TAMS 0x0000000702a00000, 0x0000000702a00000| Untracked 
|  21|0x0000000702a00000, 0x0000000702b76000, 0x0000000702c00000| 73%| O|  |TAMS 0x0000000702b76000, 0x0000000702b76000| Untracked 
|  22|0x0000000702c00000, 0x0000000702e00000, 0x0000000702e00000|100%|HS|  |TAMS 0x0000000702c00000, 0x0000000702c00000| Complete 
|  23|0x0000000702e00000, 0x0000000703000000, 0x0000000703000000|100%|HC|  |TAMS 0x0000000702e00000, 0x0000000702e00000| Complete 
|  24|0x0000000703000000, 0x0000000703200000, 0x0000000703200000|100%|HC|  |TAMS 0x0000000703000000, 0x0000000703000000| Complete 
|  25|0x0000000703200000, 0x0000000703400000, 0x0000000703400000|100%|HC|  |TAMS 0x0000000703200000, 0x0000000703200000| Complete 
|  26|0x0000000703400000, 0x0000000703600000, 0x0000000703600000|100%|HC|  |TAMS 0x0000000703400000, 0x0000000703400000| Complete 
|  27|0x0000000703600000, 0x0000000703800000, 0x0000000703800000|100%|HC|  |TAMS 0x0000000703600000, 0x0000000703600000| Complete 
|  28|0x0000000703800000, 0x0000000703a00000, 0x0000000703a00000|100%|HC|  |TAMS 0x0000000703800000, 0x0000000703800000| Complete 
|  29|0x0000000703a00000, 0x0000000703c00000, 0x0000000703c00000|100%|HC|  |TAMS 0x0000000703a00000, 0x0000000703a00000| Complete 
|  30|0x0000000703c00000, 0x0000000703e00000, 0x0000000703e00000|100%|HC|  |TAMS 0x0000000703c00000, 0x0000000703c00000| Complete 
|  31|0x0000000703e00000, 0x0000000704000000, 0x0000000704000000|100%|HC|  |TAMS 0x0000000703e00000, 0x0000000703e00000| Complete 
|  32|0x0000000704000000, 0x0000000704200000, 0x0000000704200000|100%|HS|  |TAMS 0x0000000704000000, 0x0000000704000000| Complete 
|  33|0x0000000704200000, 0x0000000704400000, 0x0000000704400000|100%|HC|  |TAMS 0x0000000704200000, 0x0000000704200000| Complete 
|  34|0x0000000704400000, 0x0000000704600000, 0x0000000704600000|100%|HC|  |TAMS 0x0000000704400000, 0x0000000704400000| Complete 
|  35|0x0000000704600000, 0x0000000704800000, 0x0000000704800000|100%|HS|  |TAMS 0x0000000704600000, 0x0000000704600000| Complete 
|  36|0x0000000704800000, 0x0000000704a00000, 0x0000000704a00000|100%|HS|  |TAMS 0x0000000704800000, 0x0000000704800000| Complete 
|  37|0x0000000704a00000, 0x0000000704c00000, 0x0000000704c00000|100%|HC|  |TAMS 0x0000000704a00000, 0x0000000704a00000| Complete 
|  38|0x0000000704c00000, 0x0000000704e00000, 0x0000000704e00000|100%|HS|  |TAMS 0x0000000704c00000, 0x0000000704c00000| Complete 
|  39|0x0000000704e00000, 0x0000000705000000, 0x0000000705000000|100%|HC|  |TAMS 0x0000000704e00000, 0x0000000704e00000| Complete 
|  40|0x0000000705000000, 0x0000000705200000, 0x0000000705200000|100%|HC|  |TAMS 0x0000000705000000, 0x0000000705000000| Complete 
|  41|0x0000000705200000, 0x0000000705400000, 0x0000000705400000|100%|HS|  |TAMS 0x0000000705200000, 0x0000000705200000| Complete 
|  42|0x0000000705400000, 0x0000000705600000, 0x0000000705600000|100%|HS|  |TAMS 0x0000000705400000, 0x0000000705400000| Complete 
|  43|0x0000000705600000, 0x0000000705800000, 0x0000000705800000|100%|HS|  |TAMS 0x0000000705600000, 0x0000000705600000| Complete 
|  44|0x0000000705800000, 0x0000000705a00000, 0x0000000705a00000|100%|HC|  |TAMS 0x0000000705800000, 0x0000000705800000| Complete 
|  45|0x0000000705a00000, 0x0000000705c00000, 0x0000000705c00000|100%|HC|  |TAMS 0x0000000705a00000, 0x0000000705a00000| Complete 
|  46|0x0000000705c00000, 0x0000000705e00000, 0x0000000705e00000|100%|HC|  |TAMS 0x0000000705c00000, 0x0000000705c00000| Complete 
|  47|0x0000000705e00000, 0x0000000705e00000, 0x0000000706000000|  0%| F|  |TAMS 0x0000000705e00000, 0x0000000705e00000| Untracked 
|  48|0x0000000706000000, 0x0000000706000000, 0x0000000706200000|  0%| F|  |TAMS 0x0000000706000000, 0x0000000706000000| Untracked 
|  49|0x0000000706200000, 0x0000000706200000, 0x0000000706400000|  0%| F|  |TAMS 0x0000000706200000, 0x0000000706200000| Untracked 
|  50|0x0000000706400000, 0x0000000706400000, 0x0000000706600000|  0%| F|  |TAMS 0x0000000706400000, 0x0000000706400000| Untracked 
|  51|0x0000000706600000, 0x0000000706600000, 0x0000000706800000|  0%| F|  |TAMS 0x0000000706600000, 0x0000000706600000| Untracked 
|  52|0x0000000706800000, 0x0000000706800000, 0x0000000706a00000|  0%| F|  |TAMS 0x0000000706800000, 0x0000000706800000| Untracked 
|  53|0x0000000706a00000, 0x0000000706a00000, 0x0000000706c00000|  0%| F|  |TAMS 0x0000000706a00000, 0x0000000706a00000| Untracked 
|  54|0x0000000706c00000, 0x0000000706c00000, 0x0000000706e00000|  0%| F|  |TAMS 0x0000000706c00000, 0x0000000706c00000| Untracked 
|  55|0x0000000706e00000, 0x0000000706e00000, 0x0000000707000000|  0%| F|  |TAMS 0x0000000706e00000, 0x0000000706e00000| Untracked 
|  56|0x0000000707000000, 0x000000070711a940, 0x0000000707200000| 55%| S|CS|TAMS 0x0000000707000000, 0x0000000707000000| Complete 
|  57|0x0000000707200000, 0x0000000707400000, 0x0000000707400000|100%| S|CS|TAMS 0x0000000707200000, 0x0000000707200000| Complete 
|  58|0x0000000707400000, 0x0000000707400000, 0x0000000707600000|  0%| F|  |TAMS 0x0000000707400000, 0x0000000707400000| Untracked 
|  59|0x0000000707600000, 0x0000000707600000, 0x0000000707800000|  0%| F|  |TAMS 0x0000000707600000, 0x0000000707600000| Untracked 
|  60|0x0000000707800000, 0x0000000707800000, 0x0000000707a00000|  0%| F|  |TAMS 0x0000000707800000, 0x0000000707800000| Untracked 
|  61|0x0000000707a00000, 0x0000000707a00000, 0x0000000707c00000|  0%| F|  |TAMS 0x0000000707a00000, 0x0000000707a00000| Untracked 
|  62|0x0000000707c00000, 0x0000000707c00000, 0x0000000707e00000|  0%| F|  |TAMS 0x0000000707c00000, 0x0000000707c00000| Untracked 
|  63|0x0000000707e00000, 0x0000000707e00000, 0x0000000708000000|  0%| F|  |TAMS 0x0000000707e00000, 0x0000000707e00000| Untracked 
|  64|0x0000000708000000, 0x0000000708000000, 0x0000000708200000|  0%| F|  |TAMS 0x0000000708000000, 0x0000000708000000| Untracked 
|  65|0x0000000708200000, 0x0000000708200000, 0x0000000708400000|  0%| F|  |TAMS 0x0000000708200000, 0x0000000708200000| Untracked 
|  66|0x0000000708400000, 0x0000000708400000, 0x0000000708600000|  0%| F|  |TAMS 0x0000000708400000, 0x0000000708400000| Untracked 
|  67|0x0000000708600000, 0x0000000708600000, 0x0000000708800000|  0%| F|  |TAMS 0x0000000708600000, 0x0000000708600000| Untracked 
|  68|0x0000000708800000, 0x0000000708800000, 0x0000000708a00000|  0%| F|  |TAMS 0x0000000708800000, 0x0000000708800000| Untracked 
|  69|0x0000000708a00000, 0x0000000708a00000, 0x0000000708c00000|  0%| F|  |TAMS 0x0000000708a00000, 0x0000000708a00000| Untracked 
|  70|0x0000000708c00000, 0x0000000708c00000, 0x0000000708e00000|  0%| F|  |TAMS 0x0000000708c00000, 0x0000000708c00000| Untracked 
|  71|0x0000000708e00000, 0x0000000708e00000, 0x0000000709000000|  0%| F|  |TAMS 0x0000000708e00000, 0x0000000708e00000| Untracked 
|  72|0x0000000709000000, 0x0000000709000000, 0x0000000709200000|  0%| F|  |TAMS 0x0000000709000000, 0x0000000709000000| Untracked 
|  73|0x0000000709200000, 0x0000000709200000, 0x0000000709400000|  0%| F|  |TAMS 0x0000000709200000, 0x0000000709200000| Untracked 
|  74|0x0000000709400000, 0x0000000709400000, 0x0000000709600000|  0%| F|  |TAMS 0x0000000709400000, 0x0000000709400000| Untracked 
|  75|0x0000000709600000, 0x0000000709600000, 0x0000000709800000|  0%| F|  |TAMS 0x0000000709600000, 0x0000000709600000| Untracked 
|  76|0x0000000709800000, 0x0000000709800000, 0x0000000709a00000|  0%| F|  |TAMS 0x0000000709800000, 0x0000000709800000| Untracked 
|  77|0x0000000709a00000, 0x0000000709a00000, 0x0000000709c00000|  0%| F|  |TAMS 0x0000000709a00000, 0x0000000709a00000| Untracked 
|  78|0x0000000709c00000, 0x0000000709c00000, 0x0000000709e00000|  0%| F|  |TAMS 0x0000000709c00000, 0x0000000709c00000| Untracked 
|  79|0x0000000709e00000, 0x0000000709e00000, 0x000000070a000000|  0%| F|  |TAMS 0x0000000709e00000, 0x0000000709e00000| Untracked 
|  80|0x000000070a000000, 0x000000070a000000, 0x000000070a200000|  0%| F|  |TAMS 0x000000070a000000, 0x000000070a000000| Untracked 
|  81|0x000000070a200000, 0x000000070a200000, 0x000000070a400000|  0%| F|  |TAMS 0x000000070a200000, 0x000000070a200000| Untracked 
|  82|0x000000070a400000, 0x000000070a400000, 0x000000070a600000|  0%| F|  |TAMS 0x000000070a400000, 0x000000070a400000| Untracked 
|  83|0x000000070a600000, 0x000000070a600000, 0x000000070a800000|  0%| F|  |TAMS 0x000000070a600000, 0x000000070a600000| Untracked 
|  84|0x000000070a800000, 0x000000070a800000, 0x000000070aa00000|  0%| F|  |TAMS 0x000000070a800000, 0x000000070a800000| Untracked 
|  85|0x000000070aa00000, 0x000000070aa00000, 0x000000070ac00000|  0%| F|  |TAMS 0x000000070aa00000, 0x000000070aa00000| Untracked 
|  86|0x000000070ac00000, 0x000000070ac00000, 0x000000070ae00000|  0%| F|  |TAMS 0x000000070ac00000, 0x000000070ac00000| Untracked 
|  87|0x000000070ae00000, 0x000000070ae00000, 0x000000070b000000|  0%| F|  |TAMS 0x000000070ae00000, 0x000000070ae00000| Untracked 
|  88|0x000000070b000000, 0x000000070b000000, 0x000000070b200000|  0%| F|  |TAMS 0x000000070b000000, 0x000000070b000000| Untracked 
|  89|0x000000070b200000, 0x000000070b200000, 0x000000070b400000|  0%| F|  |TAMS 0x000000070b200000, 0x000000070b200000| Untracked 
|  90|0x000000070b400000, 0x000000070b400000, 0x000000070b600000|  0%| F|  |TAMS 0x000000070b400000, 0x000000070b400000| Untracked 
|  91|0x000000070b600000, 0x000000070b600000, 0x000000070b800000|  0%| F|  |TAMS 0x000000070b600000, 0x000000070b600000| Untracked 
|  92|0x000000070b800000, 0x000000070b800000, 0x000000070ba00000|  0%| F|  |TAMS 0x000000070b800000, 0x000000070b800000| Untracked 
|  93|0x000000070ba00000, 0x000000070ba00000, 0x000000070bc00000|  0%| F|  |TAMS 0x000000070ba00000, 0x000000070ba00000| Untracked 
|  94|0x000000070bc00000, 0x000000070bc00000, 0x000000070be00000|  0%| F|  |TAMS 0x000000070bc00000, 0x000000070bc00000| Untracked 
|  95|0x000000070be00000, 0x000000070be00000, 0x000000070c000000|  0%| F|  |TAMS 0x000000070be00000, 0x000000070be00000| Untracked 
|  96|0x000000070c000000, 0x000000070c000000, 0x000000070c200000|  0%| F|  |TAMS 0x000000070c000000, 0x000000070c000000| Untracked 
|  97|0x000000070c200000, 0x000000070c200000, 0x000000070c400000|  0%| F|  |TAMS 0x000000070c200000, 0x000000070c200000| Untracked 
|  98|0x000000070c400000, 0x000000070c400000, 0x000000070c600000|  0%| F|  |TAMS 0x000000070c400000, 0x000000070c400000| Untracked 
|  99|0x000000070c600000, 0x000000070c600000, 0x000000070c800000|  0%| F|  |TAMS 0x000000070c600000, 0x000000070c600000| Untracked 
| 100|0x000000070c800000, 0x000000070c800000, 0x000000070ca00000|  0%| F|  |TAMS 0x000000070c800000, 0x000000070c800000| Untracked 
| 101|0x000000070ca00000, 0x000000070ca00000, 0x000000070cc00000|  0%| F|  |TAMS 0x000000070ca00000, 0x000000070ca00000| Untracked 
| 102|0x000000070cc00000, 0x000000070cc00000, 0x000000070ce00000|  0%| F|  |TAMS 0x000000070cc00000, 0x000000070cc00000| Untracked 
| 103|0x000000070ce00000, 0x000000070ce00000, 0x000000070d000000|  0%| F|  |TAMS 0x000000070ce00000, 0x000000070ce00000| Untracked 
| 104|0x000000070d000000, 0x000000070d000000, 0x000000070d200000|  0%| F|  |TAMS 0x000000070d000000, 0x000000070d000000| Untracked 
| 105|0x000000070d200000, 0x000000070d200000, 0x000000070d400000|  0%| F|  |TAMS 0x000000070d200000, 0x000000070d200000| Untracked 
| 106|0x000000070d400000, 0x000000070d400000, 0x000000070d600000|  0%| F|  |TAMS 0x000000070d400000, 0x000000070d400000| Untracked 
| 107|0x000000070d600000, 0x000000070d600000, 0x000000070d800000|  0%| F|  |TAMS 0x000000070d600000, 0x000000070d600000| Untracked 
| 108|0x000000070d800000, 0x000000070d800000, 0x000000070da00000|  0%| F|  |TAMS 0x000000070d800000, 0x000000070d800000| Untracked 
| 109|0x000000070da00000, 0x000000070da00000, 0x000000070dc00000|  0%| F|  |TAMS 0x000000070da00000, 0x000000070da00000| Untracked 
| 110|0x000000070dc00000, 0x000000070dd9f9b0, 0x000000070de00000| 81%| E|  |TAMS 0x000000070dc00000, 0x000000070dc00000| Complete 
| 111|0x000000070de00000, 0x000000070e000000, 0x000000070e000000|100%| E|CS|TAMS 0x000000070de00000, 0x000000070de00000| Complete 
| 112|0x000000070e000000, 0x000000070e200000, 0x000000070e200000|100%| E|CS|TAMS 0x000000070e000000, 0x000000070e000000| Complete 
| 113|0x000000070e200000, 0x000000070e400000, 0x000000070e400000|100%| E|CS|TAMS 0x000000070e200000, 0x000000070e200000| Complete 

Card table byte_map: [0x000002707c610000,0x000002707ce10000] _byte_map_base: 0x0000027078e10000

Marking Bits (Prev, Next): (CMBitMap*) 0x0000027065604490, (CMBitMap*) 0x0000027065604450
 Prev Bits: [0x0000027004000000, 0x0000027008000000)
 Next Bits: [0x0000027000000000, 0x0000027004000000)

Polling page: 0x0000027063350000

Metaspace:

Usage:
  Non-class:     47.60 MB used.
      Class:      7.45 MB used.
       Both:     55.05 MB used.

Virtual space:
  Non-class space:       56.00 MB reserved,      47.88 MB ( 85%) committed,  7 nodes.
      Class space:        1.00 GB reserved,       7.69 MB ( <1%) committed,  1 nodes.
             Both:        1.05 GB reserved,      55.56 MB (  5%) committed. 

Chunk freelists:
   Non-Class:  3.83 MB
       Class:  256.00 KB
        Both:  4.08 MB

MaxMetaspaceSize: unlimited
CompressedClassSpaceSize: 1.00 GB
Initial GC threshold: 21.00 MB
Current GC threshold: 87.44 MB
CDS: on
MetaspaceReclaimPolicy: balanced
 - commit_granule_bytes: 65536.
 - commit_granule_words: 8192.
 - virtual_space_node_default_size: 1048576.
 - enlarge_chunks_in_place: 1.
 - new_chunks_are_fully_committed: 0.
 - uncommit_free_chunks: 1.
 - use_allocation_guard: 0.
 - handle_deallocations: 1.


Internal statistics:

num_allocs_failed_limit: 6.
num_arena_births: 538.
num_arena_deaths: 0.
num_vsnodes_births: 8.
num_vsnodes_deaths: 0.
num_space_committed: 889.
num_space_uncommitted: 0.
num_chunks_returned_to_freelist: 6.
num_chunks_taken_from_freelist: 2489.
num_chunk_merges: 6.
num_chunk_splits: 1640.
num_chunks_enlarged: 1072.
num_purges: 0.
num_inconsistent_stats: 0.

CodeHeap 'non-profiled nmethods': size=120000Kb used=3318Kb max_used=3318Kb free=116682Kb
 bounds [0x00000270748e0000, 0x0000027074c20000, 0x000002707be10000]
CodeHeap 'profiled nmethods': size=120000Kb used=12882Kb max_used=12882Kb free=107117Kb
 bounds [0x000002706d3b0000, 0x000002706e050000, 0x00000270748e0000]
CodeHeap 'non-nmethods': size=5760Kb used=2356Kb max_used=2410Kb free=3403Kb
 bounds [0x000002706ce10000, 0x000002706d080000, 0x000002706d3b0000]
 total_blobs=7093 nmethods=6218 adapters=787
 compilation: enabled
              stopped_count=0, restarted_count=0
 full_count=0

Compilation events (20 events):
Event: 25.211 Thread 0x000002707faf1490 7082       3       com.sun.org.apache.xerces.internal.dom.NamedNodeMapImpl::findNamePoint (105 bytes)
Event: 25.212 Thread 0x000002707faf1490 nmethod 7082 0x000002706e038490 code [0x000002706e0386a0, 0x000002706e038db8]
Event: 25.212 Thread 0x000002707faf1490 7080       3       com.sun.org.apache.xerces.internal.dom.DeferredElementImpl::synchronizeData (96 bytes)
Event: 25.213 Thread 0x000002707faf1490 nmethod 7080 0x000002706e039010 code [0x000002706e039260, 0x000002706e039c28]
Event: 25.213 Thread 0x000002707faf1490 7077       3       java.util.Vector::<init> (49 bytes)
Event: 25.214 Thread 0x000002707faf1490 nmethod 7077 0x000002706e039f90 code [0x000002706e03a1e0, 0x000002706e03aa78]
Event: 25.214 Thread 0x000002707faf1490 7078       3       org.apache.ivy.core.IvyPatternHelper::substituteVariables (213 bytes)
Event: 25.219 Thread 0x000002707faf1490 nmethod 7078 0x000002706e03ad90 code [0x000002706e03b280, 0x000002706e03da88]
Event: 25.219 Thread 0x000002707faf1490 7079       3       com.sun.org.apache.xerces.internal.dom.DeferredDocumentImpl::getLastChild (7 bytes)
Event: 25.220 Thread 0x000002707faf1490 nmethod 7079 0x000002706e03eb90 code [0x000002706e03ed40, 0x000002706e03ee88]
Event: 25.220 Thread 0x000002707faf1490 7081       3       com.sun.org.apache.xerces.internal.dom.NamedNodeMapImpl::getNamedItem (29 bytes)
Event: 25.220 Thread 0x000002707faf1490 nmethod 7081 0x000002706e03ef10 code [0x000002706e03f0e0, 0x000002706e03f4f8]
Event: 25.220 Thread 0x000002707faf1490 7084       3       com.google.common.cache.LongAdder::add (108 bytes)
Event: 25.221 Thread 0x000002707faf1490 nmethod 7084 0x000002706e03f610 code [0x000002706e03f800, 0x000002706e03fe78]
Event: 25.221 Thread 0x000002707faf1490 7085       3       com.google.common.cache.Striped64::casBase (13 bytes)
Event: 25.221 Thread 0x000002707faf1490 nmethod 7085 0x000002706e040090 code [0x000002706e040220, 0x000002706e0403b8]
Event: 25.221 Thread 0x000002707faf1490 7086       3       sun.misc.Unsafe::compareAndSwapLong (13 bytes)
Event: 25.221 Thread 0x000002707faf1490 nmethod 7086 0x000002706e040490 code [0x000002706e040620, 0x000002706e040758]
Event: 25.221 Thread 0x000002707faf1490 7087       1       net.minecraftforge.artifactural.base.artifact.SimpleArtifactIdentifier::getClassifier (5 bytes)
Event: 25.221 Thread 0x000002707faf1490 nmethod 7087 0x0000027074c1d510 code [0x0000027074c1d6a0, 0x0000027074c1d778]

GC Heap History (20 events):
Event: 20.582 GC heap before
{Heap before GC invocations=14 (full 0):
 garbage-first heap   total 90112K, used 70216K [0x0000000700000000, 0x0000000800000000)
  region size 2048K, 17 young (34816K), 3 survivors (6144K)
 Metaspace       used 51660K, committed 52160K, reserved 1097728K
  class space    used 7026K, committed 7232K, reserved 1048576K
}
Event: 20.600 GC heap after
{Heap after GC invocations=15 (full 0):
 garbage-first heap   total 90112K, used 44741K [0x0000000700000000, 0x0000000800000000)
  region size 2048K, 2 young (4096K), 2 survivors (4096K)
 Metaspace       used 51660K, committed 52160K, reserved 1097728K
  class space    used 7026K, committed 7232K, reserved 1048576K
}
Event: 20.920 GC heap before
{Heap before GC invocations=15 (full 0):
 garbage-first heap   total 90112K, used 50885K [0x0000000700000000, 0x0000000800000000)
  region size 2048K, 6 young (12288K), 2 survivors (4096K)
 Metaspace       used 52591K, committed 53120K, reserved 1097728K
  class space    used 7156K, committed 7360K, reserved 1048576K
}
Event: 20.930 GC heap after
{Heap after GC invocations=16 (full 0):
 garbage-first heap   total 90112K, used 45034K [0x0000000700000000, 0x0000000800000000)
  region size 2048K, 1 young (2048K), 1 survivors (2048K)
 Metaspace       used 52591K, committed 53120K, reserved 1097728K
  class space    used 7156K, committed 7360K, reserved 1048576K
}
Event: 21.608 GC heap before
{Heap before GC invocations=17 (full 0):
 garbage-first heap   total 96256K, used 65514K [0x0000000700000000, 0x0000000800000000)
  region size 2048K, 8 young (16384K), 1 survivors (2048K)
 Metaspace       used 52830K, committed 53376K, reserved 1097728K
  class space    used 7191K, committed 7424K, reserved 1048576K
}
Event: 21.612 GC heap after
{Heap after GC invocations=18 (full 0):
 garbage-first heap   total 96256K, used 44888K [0x0000000700000000, 0x0000000800000000)
  region size 2048K, 1 young (2048K), 1 survivors (2048K)
 Metaspace       used 52830K, committed 53376K, reserved 1097728K
  class space    used 7191K, committed 7424K, reserved 1048576K
}
Event: 21.855 GC heap before
{Heap before GC invocations=19 (full 0):
 garbage-first heap   total 96256K, used 48984K [0x0000000700000000, 0x0000000800000000)
  region size 2048K, 2 young (4096K), 1 survivors (2048K)
 Metaspace       used 52963K, committed 53504K, reserved 1097728K
  class space    used 7205K, committed 7488K, reserved 1048576K
}
Event: 21.858 GC heap after
{Heap after GC invocations=20 (full 0):
 garbage-first heap   total 96256K, used 44926K [0x0000000700000000, 0x0000000800000000)
  region size 2048K, 1 young (2048K), 1 survivors (2048K)
 Metaspace       used 52963K, committed 53504K, reserved 1097728K
  class space    used 7205K, committed 7488K, reserved 1048576K
}
Event: 23.591 GC heap before
{Heap before GC invocations=21 (full 0):
 garbage-first heap   total 100352K, used 77694K [0x0000000700000000, 0x0000000800000000)
  region size 2048K, 13 young (26624K), 1 survivors (2048K)
 Metaspace       used 54669K, committed 55232K, reserved 1097728K
  class space    used 7467K, committed 7744K, reserved 1048576K
}
Event: 23.601 GC heap after
{Heap after GC invocations=22 (full 0):
 garbage-first heap   total 100352K, used 46669K [0x0000000700000000, 0x0000000800000000)
  region size 2048K, 2 young (4096K), 2 survivors (4096K)
 Metaspace       used 54669K, committed 55232K, reserved 1097728K
  class space    used 7467K, committed 7744K, reserved 1048576K
}
Event: 23.619 GC heap before
{Heap before GC invocations=22 (full 0):
 garbage-first heap   total 100352K, used 48717K [0x0000000700000000, 0x0000000800000000)
  region size 2048K, 3 young (6144K), 2 survivors (4096K)
 Metaspace       used 54683K, committed 55232K, reserved 1097728K
  class space    used 7467K, committed 7744K, reserved 1048576K
}
Event: 23.625 GC heap after
{Heap after GC invocations=23 (full 0):
 garbage-first heap   total 120832K, used 46793K [0x0000000700000000, 0x0000000800000000)
  region size 2048K, 2 young (4096K), 2 survivors (4096K)
 Metaspace       used 54683K, committed 55232K, reserved 1097728K
  class space    used 7467K, committed 7744K, reserved 1048576K
}
Event: 23.898 GC heap before
{Heap before GC invocations=23 (full 0):
 garbage-first heap   total 120832K, used 52937K [0x0000000700000000, 0x0000000800000000)
  region size 2048K, 5 young (10240K), 2 survivors (4096K)
 Metaspace       used 55599K, committed 56128K, reserved 1097728K
  class space    used 7552K, committed 7808K, reserved 1048576K
}
Event: 23.904 GC heap after
{Heap after GC invocations=24 (full 0):
 garbage-first heap   total 120832K, used 47038K [0x0000000700000000, 0x0000000800000000)
  region size 2048K, 2 young (4096K), 2 survivors (4096K)
 Metaspace       used 55599K, committed 56128K, reserved 1097728K
  class space    used 7552K, committed 7808K, reserved 1048576K
}
Event: 24.478 GC heap before
{Heap before GC invocations=24 (full 0):
 garbage-first heap   total 120832K, used 77758K [0x0000000700000000, 0x0000000800000000)
  region size 2048K, 9 young (18432K), 2 survivors (4096K)
 Metaspace       used 55916K, committed 56512K, reserved 1097728K
  class space    used 7569K, committed 7872K, reserved 1048576K
}
Event: 24.486 GC heap after
{Heap after GC invocations=25 (full 0):
 garbage-first heap   total 120832K, used 47691K [0x0000000700000000, 0x0000000800000000)
  region size 2048K, 2 young (4096K), 2 survivors (4096K)
 Metaspace       used 55916K, committed 56512K, reserved 1097728K
  class space    used 7569K, committed 7872K, reserved 1048576K
}
Event: 24.683 GC heap before
{Heap before GC invocations=25 (full 0):
 garbage-first heap   total 120832K, used 72267K [0x0000000700000000, 0x0000000800000000)
  region size 2048K, 5 young (10240K), 2 survivors (4096K)
 Metaspace       used 55937K, committed 56512K, reserved 1097728K
  class space    used 7569K, committed 7872K, reserved 1048576K
}
Event: 24.689 GC heap after
{Heap after GC invocations=26 (full 0):
 garbage-first heap   total 120832K, used 47642K [0x0000000700000000, 0x0000000800000000)
  region size 2048K, 2 young (4096K), 2 survivors (4096K)
 Metaspace       used 55937K, committed 56512K, reserved 1097728K
  class space    used 7569K, committed 7872K, reserved 1048576K
}
Event: 24.702 GC heap before
{Heap before GC invocations=26 (full 0):
 garbage-first heap   total 120832K, used 49690K [0x0000000700000000, 0x0000000800000000)
  region size 2048K, 3 young (6144K), 2 survivors (4096K)
 Metaspace       used 55937K, committed 56512K, reserved 1097728K
  class space    used 7569K, committed 7872K, reserved 1048576K
}
Event: 24.710 GC heap after
{Heap after GC invocations=27 (full 0):
 garbage-first heap   total 233472K, used 47682K [0x0000000700000000, 0x0000000800000000)
  region size 2048K, 2 young (4096K), 2 survivors (4096K)
 Metaspace       used 55937K, committed 56512K, reserved 1097728K
  class space    used 7569K, committed 7872K, reserved 1048576K
}

Deoptimization events (20 events):
Event: 24.442 Thread 0x000002700cb65080 Uncommon trap: trap_request=0xffffff45 fr.pc=0x00000270749605c4 relative=0x0000000000000284
Event: 24.442 Thread 0x000002700cb65080 Uncommon trap: reason=unstable_if action=reinterpret pc=0x00000270749605c4 method=java.util.concurrent.ConcurrentHashMap.addCount(JI)V @ 97 c2
Event: 24.442 Thread 0x000002700cb65080 DEOPT PACKING pc=0x00000270749605c4 sp=0x000000aa15ffe3b0
Event: 24.442 Thread 0x000002700cb65080 DEOPT UNPACKING pc=0x000002706ce623a3 sp=0x000000aa15ffe2f0 mode 2
Event: 24.462 Thread 0x00000270097286e0 DEOPT PACKING pc=0x000002706d753074 sp=0x000000aa148f7820
Event: 24.462 Thread 0x00000270097286e0 DEOPT UNPACKING pc=0x000002706ce62b43 sp=0x000000aa148f6da0 mode 0
Event: 24.508 Thread 0x000002700cb65550 DEOPT PACKING pc=0x000002706d753074 sp=0x000000aa160fd6c0
Event: 24.508 Thread 0x000002700cb65550 DEOPT UNPACKING pc=0x000002706ce62b43 sp=0x000000aa160fcc40 mode 0
Event: 24.949 Thread 0x00000270097286e0 Uncommon trap: trap_request=0xffffff45 fr.pc=0x00000270749de000 relative=0x0000000000000080
Event: 24.949 Thread 0x00000270097286e0 Uncommon trap: reason=unstable_if action=reinterpret pc=0x00000270749de000 method=java.lang.CharacterDataLatin1.isUpperCase(I)Z @ 7 c2
Event: 24.949 Thread 0x00000270097286e0 DEOPT PACKING pc=0x00000270749de000 sp=0x000000aa148f8340
Event: 24.949 Thread 0x00000270097286e0 DEOPT UNPACKING pc=0x000002706ce623a3 sp=0x000000aa148f82c0 mode 2
Event: 24.978 Thread 0x00000270097286e0 Uncommon trap: trap_request=0xffffff45 fr.pc=0x0000027074b0ae98 relative=0x0000000000000118
Event: 24.979 Thread 0x00000270097286e0 Uncommon trap: reason=unstable_if action=reinterpret pc=0x0000027074b0ae98 method=jdk.internal.org.objectweb.asm.ByteVector.putInt(I)Ljdk/internal/org/objectweb/asm/ByteVector; @ 13 c2
Event: 24.979 Thread 0x00000270097286e0 DEOPT PACKING pc=0x0000027074b0ae98 sp=0x000000aa148f8410
Event: 24.979 Thread 0x00000270097286e0 DEOPT UNPACKING pc=0x000002706ce623a3 sp=0x000000aa148f83a8 mode 2
Event: 25.069 Thread 0x00000270097286e0 Uncommon trap: trap_request=0xffffffde fr.pc=0x0000027074b9a0c8 relative=0x0000000000003008
Event: 25.070 Thread 0x00000270097286e0 Uncommon trap: reason=class_check action=maybe_recompile pc=0x0000027074b9a0c8 method=java.util.regex.Matcher.search(I)Z @ 121 c2
Event: 25.070 Thread 0x00000270097286e0 DEOPT PACKING pc=0x0000027074b9a0c8 sp=0x000000aa148f7240
Event: 25.070 Thread 0x00000270097286e0 DEOPT UNPACKING pc=0x000002706ce623a3 sp=0x000000aa148f7150 mode 2

Classes unloaded (0 events):
No events

Classes redefined (0 events):
No events

Internal exceptions (20 events):
Event: 22.204 Thread 0x00000270097286e0 Exception <a 'java/lang/ClassNotFoundException'{0x0000000705de34a8}: org/gradle/api/tasks/compile/AbstractOptionsBeanInfo> (0x0000000705de34a8) 
thrown [s\open\src\hotspot\share\classfile\systemDictionary.cpp, line 256]
Event: 22.205 Thread 0x00000270097286e0 Exception <a 'java/lang/ClassNotFoundException'{0x0000000705df3b38}: org/gradle/api/tasks/compile/AbstractOptionsCustomizer> (0x0000000705df3b38) 
thrown [s\open\src\hotspot\share\classfile\systemDictionary.cpp, line 256]
Event: 22.207 Thread 0x00000270097286e0 Exception <a 'java/lang/ClassNotFoundException'{0x0000000705807000}: org/gradle/api/tasks/compile/CompileOptionsCustomizer> (0x0000000705807000) 
thrown [s\open\src\hotspot\share\classfile\systemDictionary.cpp, line 256]
Event: 22.216 Thread 0x00000270097286e0 Exception <a 'java/lang/ClassNotFoundException'{0x000000070584d008}: org/gradle/api/tasks/compile/CompileOptions_DecoratedCustomizer> (0x000000070584d008) 
thrown [s\open\src\hotspot\share\classfile\systemDictionary.cpp, line 256]
Event: 22.403 Thread 0x0000027009520260 Exception <a 'java/lang/NoSuchMethodError'{0x000000070578b9a0}: 'void java.lang.invoke.DirectMethodHandle$Holder.invokeStatic(java.lang.Object, long)'> (0x000000070578b9a0) 
thrown [s\open\src\hotspot\share\interpreter\linkResolver.cpp, line 759]
Event: 22.404 Thread 0x0000027009520260 Exception <a 'java/lang/NoSuchMethodError'{0x0000000705790d48}: 'java.lang.Object java.lang.invoke.DirectMethodHandle$Holder.newInvokeSpecial(java.lang.Object, long)'> (0x0000000705790d48) 
thrown [s\open\src\hotspot\share\interpreter\linkResolver.cpp, line 759]
Event: 22.406 Thread 0x0000027009520260 Exception <a 'java/lang/NoSuchMethodError'{0x0000000705797900}: 'java.lang.Object java.lang.invoke.DirectMethodHandle$Holder.invokeStatic(java.lang.Object, java.lang.Object, long, java.lang.Object)'> (0x0000000705797900) 
thrown [s\open\src\hotspot\share\interpreter\linkResolver.cpp, line 759]
Event: 22.406 Thread 0x0000027009520260 Exception <a 'java/lang/NoSuchMethodError'{0x000000070579b398}: 'java.lang.Object java.lang.invoke.DirectMethodHandle$Holder.invokeStaticInit(java.lang.Object, java.lang.Object, long, java.lang.Object)'> (0x000000070579b398) 
thrown [s\open\src\hotspot\share\interpreter\linkResolver.cpp, line 759]
Event: 22.407 Thread 0x0000027009520260 Exception <a 'java/lang/NoSuchMethodError'{0x00000007057a19a8}: 'java.lang.Object java.lang.invoke.DirectMethodHandle$Holder.newInvokeSpecial(java.lang.Object, java.lang.Object, long)'> (0x00000007057a19a8) 
thrown [s\open\src\hotspot\share\interpreter\linkResolver.cpp, line 759]
Event: 22.408 Thread 0x0000027009520260 Exception <a 'java/lang/NoSuchMethodError'{0x00000007057a57d0}: 'java.lang.Object java.lang.invoke.Invokers$Holder.linkToTargetMethod(java.lang.Object, long, java.lang.Object)'> (0x00000007057a57d0) 
thrown [s\open\src\hotspot\share\interpreter\linkResolver.cpp, line 759]
Event: 23.583 Thread 0x00000270097286e0 Implicit null exception at 0x000002707491c2f2 to 0x000002707491c8ec
Event: 23.589 Thread 0x00000270097286e0 Implicit null exception at 0x0000027074934772 to 0x0000027074934d58
Event: 24.935 Thread 0x00000270097286e0 Exception <a 'java/lang/ClassNotFoundException'{0x000000070e015010}: net/minecraftforge/gradle/userdev/tasks/RenameJarInPlace_DecoratedBeanInfo> (0x000000070e015010) 
thrown [s\open\src\hotspot\share\classfile\systemDictionary.cpp, line 256]
Event: 24.936 Thread 0x00000270097286e0 Exception <a 'java/lang/ClassNotFoundException'{0x000000070e01fe08}: net/minecraftforge/gradle/userdev/tasks/RenameJarInPlaceBeanInfo> (0x000000070e01fe08) 
thrown [s\open\src\hotspot\share\classfile\systemDictionary.cpp, line 256]
Event: 24.937 Thread 0x00000270097286e0 Exception <a 'java/lang/ClassNotFoundException'{0x000000070e02ab28}: net/minecraftforge/gradle/common/tasks/JarExecBeanInfo> (0x000000070e02ab28) 
thrown [s\open\src\hotspot\share\classfile\systemDictionary.cpp, line 256]
Event: 24.937 Thread 0x00000270097286e0 Exception <a 'java/lang/ClassNotFoundException'{0x000000070e035838}: net/minecraftforge/gradle/common/tasks/JarExecCustomizer> (0x000000070e035838) 
thrown [s\open\src\hotspot\share\classfile\systemDictionary.cpp, line 256]
Event: 24.940 Thread 0x00000270097286e0 Exception <a 'java/lang/ClassNotFoundException'{0x000000070e05f060}: net/minecraftforge/gradle/userdev/tasks/RenameJarInPlaceCustomizer> (0x000000070e05f060) 
thrown [s\open\src\hotspot\share\classfile\systemDictionary.cpp, line 256]
Event: 24.941 Thread 0x00000270097286e0 Exception <a 'java/lang/ClassNotFoundException'{0x000000070e080388}: net/minecraftforge/gradle/userdev/tasks/RenameJarInPlace_DecoratedCustomizer> (0x000000070e080388) 
thrown [s\open\src\hotspot\share\classfile\systemDictionary.cpp, line 256]
Event: 24.970 Thread 0x00000270097286e0 Exception <a 'java/lang/NoSuchMethodError'{0x000000070e159850}: 'void java.lang.invoke.DirectMethodHandle$Holder.invokeVirtual(java.lang.Object, java.lang.Object)'> (0x000000070e159850) 
thrown [s\open\src\hotspot\share\interpreter\linkResolver.cpp, line 759]
Event: 24.976 Thread 0x00000270097286e0 Exception <a 'java/lang/NoSuchMethodError'{0x000000070e16cb88}: 'void java.lang.invoke.DirectMethodHandle$Holder.invokeStatic(java.lang.Object, java.lang.Object, java.lang.Object, java.lang.Object, java.lang.Object, java.lang.Object, java.lang.Object)'> (0x000000070e16cb88) 
thrown [s\open\src\hotspot\share\interpreter\linkResolver.cpp, line 759]

VM Operations (20 events):
Event: 23.619 Executing VM operation: G1TryInitiateConcMark
Event: 23.625 Executing VM operation: G1TryInitiateConcMark done
Event: 23.752 Executing VM operation: HandshakeAllThreads
Event: 23.752 Executing VM operation: HandshakeAllThreads done
Event: 23.753 Executing VM operation: HandshakeAllThreads
Event: 23.753 Executing VM operation: HandshakeAllThreads done
Event: 23.897 Executing VM operation: G1TryInitiateConcMark
Event: 23.904 Executing VM operation: G1TryInitiateConcMark done
Event: 24.435 Executing VM operation: HandshakeAllThreads
Event: 24.441 Executing VM operation: HandshakeAllThreads done
Event: 24.441 Executing VM operation: ICBufferFull
Event: 24.441 Executing VM operation: ICBufferFull done
Event: 24.478 Executing VM operation: G1TryInitiateConcMark
Event: 24.487 Executing VM operation: G1TryInitiateConcMark done
Event: 24.683 Executing VM operation: G1TryInitiateConcMark
Event: 24.689 Executing VM operation: G1TryInitiateConcMark done
Event: 24.702 Executing VM operation: G1TryInitiateConcMark
Event: 24.711 Executing VM operation: G1TryInitiateConcMark done
Event: 24.972 Executing VM operation: HandshakeAllThreads
Event: 24.972 Executing VM operation: HandshakeAllThreads done

Events (20 events):
Event: 23.831 loading class org/w3c/dom/CharacterData
Event: 23.831 loading class org/w3c/dom/CharacterData done
Event: 23.831 loading class org/w3c/dom/Text
Event: 23.831 loading class org/w3c/dom/Text done
Event: 23.831 loading class com/sun/org/apache/xerces/internal/dom/CharacterDataImpl
Event: 23.831 loading class com/sun/org/apache/xerces/internal/dom/CharacterDataImpl done
Event: 23.831 loading class com/sun/org/apache/xerces/internal/dom/TextImpl done
Event: 23.831 loading class com/sun/org/apache/xerces/internal/dom/DeferredTextImpl done
Event: 23.832 loading class com/sun/org/apache/xerces/internal/dom/CharacterDataImpl$1
Event: 23.832 loading class com/sun/org/apache/xerces/internal/dom/CharacterDataImpl$1 done
Event: 23.863 loading class org/w3c/dom/Comment
Event: 23.864 loading class org/w3c/dom/Comment done
Event: 24.080 Thread 0x000002700c609e30 Thread exited: 0x000002700c609e30
Event: 24.158 Thread 0x000002700c60c6b0 Thread added: 0x000002700c60c6b0
Event: 24.422 Thread 0x000002700d18f990 Thread added: 0x000002700d18f990
Event: 24.423 Thread 0x000002700d18fe60 Thread added: 0x000002700d18fe60
Event: 24.788 Thread 0x000002700c60c6b0 Thread exited: 0x000002700c60c6b0
Event: 24.953 Thread 0x000002700c609e30 Thread added: 0x000002700c609e30
Event: 25.054 loading class java/lang/StackTraceElement$HashedModules
Event: 25.054 loading class java/lang/StackTraceElement$HashedModules done


Dynamic libraries:
0x00007ff7840c0000 - 0x00007ff7840d0000 	C:\Program Files\Java\jdk-17.0.4\bin\java.exe
0x00007ff8c1db0000 - 0x00007ff8c1fa8000 	C:\WINDOWS\SYSTEM32\ntdll.dll
0x00007ff8aff80000 - 0x00007ff8aff97000 	C:\Program Files\Avast Software\Avast\aswhook.dll
0x00007ff8bfe40000 - 0x00007ff8bfefd000 	C:\WINDOWS\System32\KERNEL32.DLL
0x00007ff8bf8d0000 - 0x00007ff8bfb9e000 	C:\WINDOWS\System32\KERNELBASE.dll
0x00007ff8bf570000 - 0x00007ff8bf670000 	C:\WINDOWS\System32\ucrtbase.dll
0x00007ff8aff30000 - 0x00007ff8aff4a000 	C:\Program Files\Java\jdk-17.0.4\bin\VCRUNTIME140.dll
0x00007ff8ada50000 - 0x00007ff8ada68000 	C:\Program Files\Java\jdk-17.0.4\bin\jli.dll
0x00007ff8c14e0000 - 0x00007ff8c158e000 	C:\WINDOWS\System32\ADVAPI32.dll
0x00007ff8c1800000 - 0x00007ff8c189e000 	C:\WINDOWS\System32\msvcrt.dll
0x00007ff8c1cb0000 - 0x00007ff8c1d4c000 	C:\WINDOWS\System32\sechost.dll
0x00007ff8c18b0000 - 0x00007ff8c19d5000 	C:\WINDOWS\System32\RPCRT4.dll
0x00007ff8c0d40000 - 0x00007ff8c0ee0000 	C:\WINDOWS\System32\USER32.dll
0x00007ff8bf8a0000 - 0x00007ff8bf8c2000 	C:\WINDOWS\System32\win32u.dll
0x00007ff8be820000 - 0x00007ff8beaba000 	C:\WINDOWS\WinSxS\amd64_microsoft.windows.common-controls_6595b64144ccf1df_6.0.19041.1110_none_60b5254171f9507e\COMCTL32.dll
0x00007ff8c1350000 - 0x00007ff8c137a000 	C:\WINDOWS\System32\GDI32.dll
0x00007ff8bf670000 - 0x00007ff8bf77b000 	C:\WINDOWS\System32\gdi32full.dll
0x00007ff8bf4d0000 - 0x00007ff8bf56d000 	C:\WINDOWS\System32\msvcp_win.dll
0x00007ff8bc210000 - 0x00007ff8bc21a000 	C:\WINDOWS\SYSTEM32\VERSION.dll
0x00007ff8bfe10000 - 0x00007ff8bfe40000 	C:\WINDOWS\System32\IMM32.DLL
0x00007ff8af610000 - 0x00007ff8af61c000 	C:\Program Files\Java\jdk-17.0.4\bin\vcruntime140_1.dll
0x00007ff877d10000 - 0x00007ff877d9d000 	C:\Program Files\Java\jdk-17.0.4\bin\msvcp140.dll
0x00007ff86f2f0000 - 0x00007ff86feb2000 	C:\Program Files\Java\jdk-17.0.4\bin\server\jvm.dll
0x00007ff8bff00000 - 0x00007ff8bff08000 	C:\WINDOWS\System32\PSAPI.DLL
0x00007ff8ab690000 - 0x00007ff8ab699000 	C:\WINDOWS\SYSTEM32\WSOCK32.dll
0x00007ff899550000 - 0x00007ff899577000 	C:\WINDOWS\SYSTEM32\WINMM.dll
0x00007ff8c1400000 - 0x00007ff8c146b000 	C:\WINDOWS\System32\WS2_32.dll
0x00007ff8bc5a0000 - 0x00007ff8bc5b2000 	C:\WINDOWS\SYSTEM32\kernel.appcore.dll
0x00007ff8af120000 - 0x00007ff8af12a000 	C:\Program Files\Java\jdk-17.0.4\bin\jimage.dll
0x00007ff8bef50000 - 0x00007ff8bf134000 	C:\WINDOWS\SYSTEM32\DBGHELP.DLL
0x00007ff8bedc0000 - 0x00007ff8bedec000 	C:\WINDOWS\SYSTEM32\dbgcore.DLL
0x00007ff8bfba0000 - 0x00007ff8bfc22000 	C:\WINDOWS\System32\bcryptPrimitives.dll
0x00007ff8a6d50000 - 0x00007ff8a6d75000 	C:\Program Files\Java\jdk-17.0.4\bin\java.dll
0x00007ff877c30000 - 0x00007ff877d06000 	C:\Program Files\Java\jdk-17.0.4\bin\jsvml.dll
0x00007ff8c01e0000 - 0x00007ff8c0923000 	C:\WINDOWS\System32\SHELL32.dll
0x00007ff8bc7a0000 - 0x00007ff8bcf35000 	C:\WINDOWS\SYSTEM32\windows.storage.dll
0x00007ff8c09e0000 - 0x00007ff8c0d34000 	C:\WINDOWS\System32\combase.dll
0x00007ff8be780000 - 0x00007ff8be7b0000 	C:\WINDOWS\SYSTEM32\Wldp.dll
0x00007ff8c1c00000 - 0x00007ff8c1cad000 	C:\WINDOWS\System32\SHCORE.dll
0x00007ff8c1480000 - 0x00007ff8c14d5000 	C:\WINDOWS\System32\shlwapi.dll
0x00007ff8bf410000 - 0x00007ff8bf42f000 	C:\WINDOWS\SYSTEM32\profapi.dll
0x00007ff8a6d30000 - 0x00007ff8a6d49000 	C:\Program Files\Java\jdk-17.0.4\bin\net.dll
0x00007ff8b0640000 - 0x00007ff8b074a000 	C:\WINDOWS\SYSTEM32\WINHTTP.dll
0x00007ff8be6b0000 - 0x00007ff8be71a000 	C:\WINDOWS\system32\mswsock.dll
0x00007ff8a6260000 - 0x00007ff8a6276000 	C:\Program Files\Java\jdk-17.0.4\bin\nio.dll
0x00007ff8a6240000 - 0x00007ff8a6258000 	C:\Program Files\Java\jdk-17.0.4\bin\zip.dll
0x00007ff8af0f0000 - 0x00007ff8af100000 	C:\Program Files\Java\jdk-17.0.4\bin\verify.dll
0x00007ff897c60000 - 0x00007ff897c87000 	C:\Users\Admin\.gradle\native\e1d6ef7f7dcc3fd88c89a11ec53ec762bb8ba0a96d01ffa2cd45eb1d1d8dd5c5\windows-amd64\native-platform.dll
0x00007ff86f1a0000 - 0x00007ff86f2e4000 	C:\Users\Admin\.gradle\native\0d407fdbe67a94daf76414ababcb853783967236a71b16ec16e742cd7a986fd3\windows-amd64\native-platform-file-events.dll
0x00007ff8adbc0000 - 0x00007ff8adbc9000 	C:\Program Files\Java\jdk-17.0.4\bin\management.dll
0x00007ff8ac940000 - 0x00007ff8ac94b000 	C:\Program Files\Java\jdk-17.0.4\bin\management_ext.dll
0x00007ff8bf260000 - 0x00007ff8bf278000 	C:\WINDOWS\SYSTEM32\CRYPTSP.dll
0x00007ff8bdf00000 - 0x00007ff8bdf34000 	C:\WINDOWS\system32\rsaenh.dll
0x00007ff8bfd90000 - 0x00007ff8bfdb7000 	C:\WINDOWS\System32\bcrypt.dll
0x00007ff8bf3d0000 - 0x00007ff8bf3fe000 	C:\WINDOWS\SYSTEM32\USERENV.dll
0x00007ff8be740000 - 0x00007ff8be74c000 	C:\WINDOWS\SYSTEM32\CRYPTBASE.dll
0x00007ff8be250000 - 0x00007ff8be28b000 	C:\WINDOWS\SYSTEM32\IPHLPAPI.DLL
0x00007ff8c18a0000 - 0x00007ff8c18a8000 	C:\WINDOWS\System32\NSI.dll
0x00007ff8b3ff0000 - 0x00007ff8b4007000 	C:\WINDOWS\SYSTEM32\dhcpcsvc6.DLL
0x00007ff8b3e50000 - 0x00007ff8b3e6d000 	C:\WINDOWS\SYSTEM32\dhcpcsvc.DLL
0x00007ff8be290000 - 0x00007ff8be35a000 	C:\WINDOWS\SYSTEM32\DNSAPI.dll
0x00007ff8ac8b0000 - 0x00007ff8ac8be000 	C:\Program Files\Java\jdk-17.0.4\bin\sunmscapi.dll
0x00007ff8bfc30000 - 0x00007ff8bfd86000 	C:\WINDOWS\System32\CRYPT32.dll
0x00007ff8be7f0000 - 0x00007ff8be817000 	C:\WINDOWS\SYSTEM32\ncrypt.dll
0x00007ff8be7b0000 - 0x00007ff8be7eb000 	C:\WINDOWS\SYSTEM32\NTASN1.dll
0x00007ff8b47f0000 - 0x00007ff8b47f7000 	C:\WINDOWS\system32\wshunix.dll
0x00007ff8b0080000 - 0x00007ff8b008a000 	C:\Windows\System32\rasadhlp.dll
0x00007ff8b00a0000 - 0x00007ff8b0120000 	C:\WINDOWS\System32\fwpuclnt.dll

dbghelp: loaded successfully - version: 4.0.5 - missing functions: none
symbol engine: initialized successfully - sym options: 0x614 - pdb path: .;C:\Program Files\Java\jdk-17.0.4\bin;C:\WINDOWS\SYSTEM32;C:\Program Files\Avast Software\Avast;C:\WINDOWS\WinSxS\amd64_microsoft.windows.common-controls_6595b64144ccf1df_6.0.19041.1110_none_60b5254171f9507e;C:\Program Files\Java\jdk-17.0.4\bin\server;C:\Users\Admin\.gradle\native\e1d6ef7f7dcc3fd88c89a11ec53ec762bb8ba0a96d01ffa2cd45eb1d1d8dd5c5\windows-amd64;C:\Users\Admin\.gradle\native\0d407fdbe67a94daf76414ababcb853783967236a71b16ec16e742cd7a986fd3\windows-amd64

VM Arguments:
jvm_args: --add-opens=java.base/java.util=ALL-UNNAMED --add-opens=java.base/java.lang=ALL-UNNAMED --add-opens=java.base/java.lang.invoke=ALL-UNNAMED --add-opens=java.base/java.util=ALL-UNNAMED --add-opens=java.prefs/java.util.prefs=ALL-UNNAMED --add-opens=java.prefs/java.util.prefs=ALL-UNNAMED --add-opens=java.base/java.nio.charset=ALL-UNNAMED --add-opens=java.base/java.net=ALL-UNNAMED --add-opens=java.base/java.util.concurrent.atomic=ALL-UNNAMED -Xmx4G -Dfile.encoding=windows-1252 -Duser.country=AU -Duser.language=en -Duser.variant 
java_command: org.gradle.launcher.daemon.bootstrap.GradleDaemon 7.4
java_class_path (initial): C:\Users\Admin\.gradle\wrapper\dists\gradle-7.4-bin\c0gwcg53nkjbqw7r0h0umtfvt\gradle-7.4\lib\gradle-launcher-7.4.jar
Launcher Type: SUN_STANDARD

[Global flags]
     intx CICompilerCount                          = 3                                         {product} {ergonomic}
     uint ConcGCThreads                            = 1                                         {product} {ergonomic}
     uint G1ConcRefinementThreads                  = 4                                         {product} {ergonomic}
   size_t G1HeapRegionSize                         = 2097152                                   {product} {ergonomic}
    uintx GCDrainStackTargetSize                   = 64                                        {product} {ergonomic}
   size_t InitialHeapSize                          = 134217728                                 {product} {ergonomic}
   size_t MarkStackSize                            = 4194304                                   {product} {ergonomic}
   size_t MaxHeapSize                              = 4294967296                                {product} {command line}
   size_t MaxNewSize                               = 2575302656                                {product} {ergonomic}
   size_t MinHeapDeltaBytes                        = 2097152                                   {product} {ergonomic}
   size_t MinHeapSize                              = 8388608                                   {product} {ergonomic}
    uintx NonNMethodCodeHeapSize                   = 5832780                                {pd product} {ergonomic}
    uintx NonProfiledCodeHeapSize                  = 122912730                              {pd product} {ergonomic}
    uintx ProfiledCodeHeapSize                     = 122912730                              {pd product} {ergonomic}
    uintx ReservedCodeCacheSize                    = 251658240                              {pd product} {ergonomic}
     bool SegmentedCodeCache                       = true                                      {product} {ergonomic}
   size_t SoftMaxHeapSize                          = 4294967296                             {manageable} {ergonomic}
     bool UseCompressedClassPointers               = true                           {product lp64_product} {ergonomic}
     bool UseCompressedOops                        = true                           {product lp64_product} {ergonomic}
     bool UseG1GC                                  = true                                      {product} {ergonomic}
     bool UseLargePagesIndividualAllocation        = false                                  {pd product} {ergonomic}

Logging:
Log output configuration:
 #0: stdout all=warning uptime,level,tags
 #1: stderr all=off uptime,level,tags

Environment Variables:
CLASSPATH=C:\Users\Admin\Documents\e\forge-1.18.2-40.1.80-mdk\\gradle\wrapper\gradle-wrapper.jar
PATH=C:\Program Files\Common Files\Oracle\Java\javapath;C:\Program Files (x86)\VMware\VMware Player\bin\;C:\WINDOWS\system32;C:\WINDOWS;C:\WINDOWS\System32\Wbem;C:\WINDOWS\System32\WindowsPowerShell\v1.0\;C:\WINDOWS\System32\OpenSSH\;C:\MinGW\bin;C:\Program Files\Git\cmd;C:\Program Files\Microsoft SQL Server\Client SDK\ODBC\170\Tools\Binn\;C:\Program Files\Microsoft SQL Server\150\Tools\Binn\;C:\Program Files\LLVM\bin;C:\Program Files\TortoiseSVN\bin;C:\Program Files\CMake\bin;C:\HashiCorp\Vagrant\bin;C:\Program Files\dotnet\;C:\Program Files\Docker\Docker\resources\bin;C:\ProgramData\DockerDesktop\version-bin;C:\Program Files\Microsoft\Web Platform Installer\;C:\Program Files (x86)\VMware\VMware Player\bin\;C:\Program Files\Common Files\Oracle\Java\javapath;C:\Program Files (x86)\Common Files\Oracle\Java\javapath;C:\WINDOWS\system32;C:\WINDOWS;C:\WINDOWS\System32\Wbem;C:\WINDOWS\System32\WindowsPowerShell\v1.0\;C:\WINDOWS\System32\OpenSSH\;C:\Program Files\CodeBlocks\MinGW\bin;C:\Program Files\CMake\bin;C:\Program Files\dotnet\;C:\Program Files\Git\cmd;C:\Program Files (x86)\GNU Arm Embedded Toolchain\10 2021.10\bin;C:\Program Files\Conan\conan;C:\Users\Admin\AppData\Local\Microsoft\WindowsApps;C:\Program Files\JetBrains\CLion 2021.2.3\bin;C:\Users\Admin\.dotnet\tools;C:\Users\Admin\AppData\Local\Programs\Python\Python39\;C:\Users\Admin\AppData\Local\Programs\radare2\bin;C:\Users\Admin\AppData\Local\Programs\Python\Python39\Scripts\;c:\Program Files\qemu;C:\Users\Admin\Documents\e\asm\i686\bin\;C:\Users\Admin\AppData\Local\bin\NASM\;C:\Program Files\Azure Data Studio\bin;C:\Program Files\JetBrains\IntelliJ IDEA Community Edition 2021.3.3\bin;;C:\Users\Admin\vcpkg;C:\Users\Admin\.dotnet\tools;C:\Users\Admin\AppData\Local\Programs\Microsoft VS Code\bin
USERNAME=Admin
LANG=en_US.UTF-8
OS=Windows_NT
PROCESSOR_IDENTIFIER=Intel64 Family 6 Model 69 Stepping 1, GenuineIntel



---------------  S Y S T E M  ---------------

OS:
 Windows 10 , 64 bit Build 19041 (10.0.19041.1889)
OS uptime: 1 days 2:29 hours
Hyper-V role detected

CPU: total 4 (initial active 4) (2 cores per cpu, 2 threads per core) family 6 model 69 stepping 1 microcode 0x25, cx8, cmov, fxsr, ht, mmx, sse, sse2, sse3, ssse3, sse4.1, sse4.2, popcnt, lzcnt, tsc, tscinvbit, avx, avx2, aes, erms, clmul, bmi1, bmi2, fma, vzeroupper, clflush, hv

Memory: 4k page, system-wide physical 8089M (1725M free)
TotalPageFile size 22148M (AvailPageFile size 5M)
current process WorkingSet (physical memory assigned to process): 342M, peak: 342M
current process commit charge ("private bytes"): 493M, peak: 495M

vm_info: Java HotSpot(TM) 64-Bit Server VM (17.0.4+11-LTS-179) for windows-amd64 JRE (17.0.4+11-LTS-179), built on Jun 28 2022 08:23:05 by "mach5one" with MS VC++ 16.8 / 16.9 (VS2019)

END.
